<?xml version="1.0" encoding="UTF-8"?>
<robot generator="Robot 5.0.1 (Python 3.9.13 on win32)" generated="20230930 06:34:22.841" rpa="false" schemaversion="3">
<suite id="s1" name="Access-Check" source="C:\Users\immad\PycharmProjects\expedock-qa-automation\Tests\access-check.robot">
<test id="s1-t1" name="Verify page dashboard in Business Performance" line="50">
<kw name="Log-in to expedock" library="utils">
<arg>passive</arg>
<arg>${username}</arg>
<arg>${password}</arg>
<kw name="New Browser" library="RPA.Browser.Playwright">
<arg>chromium</arg>
<arg>headless=false</arg>
<tag>BrowserControl</tag>
<tag>Setter</tag>
<doc>Create a new playwright Browser with specified options.</doc>
<msg timestamp="20230930 06:34:23.973" level="INFO">{"browser": "chromium", "headless": false, "handleSIGINT": true, "handleSIGTERM": true, "handleSIGHUP": true, "timeout": 30000.0, "devtools": false, "slowMo": 0.0, "tracesDir": "C:\\Users\\immad\\PycharmProjects\\expedock-qa-automation\\log\\browser\\traces\\20625f68-7986-4482-aa6d-a40784798fc9"}</msg>
<msg timestamp="20230930 06:34:24.393" level="INFO">Successfully created browser with options: {"browser":"chromium","headless":false,"handleSIGINT":true,"handleSIGTERM":true,"handleSIGHUP":true,"timeout":30000,"devtools":false,"slowMo":0,"tracesDir":"C:\\Users\\immad\\PycharmProjects\\expedock-qa-automation\\log\\browser\\traces\\20625f68-7986-4482-aa6d-a40784798fc9"}</msg>
<status status="PASS" starttime="20230930 06:34:23.973" endtime="20230930 06:34:24.393"/>
</kw>
<kw name="New Context" library="RPA.Browser.Playwright">
<arg>viewport={'width': 1920, 'height': 1080}</arg>
<arg>acceptDownloads=True</arg>
<tag>BrowserControl</tag>
<tag>Setter</tag>
<doc>Create a new BrowserContext with specified options.</doc>
<msg timestamp="20230930 06:34:24.395" level="INFO">{"acceptDownloads": true, "ignoreHTTPSErrors": false, "bypassCSP": false, "viewport": {"height": 1080, "width": 1920}, "deviceScaleFactor": 1.0, "isMobile": false, "hasTouch": false, "javaScriptEnabled": true, "offline": false, "hideRfBrowser": false, "reducedMotion": "no-preference", "forcedColors": "none"}</msg>
<msg timestamp="20230930 06:34:24.414" level="INFO">Successfully created context. </msg>
<msg timestamp="20230930 06:34:24.415" level="INFO">{'acceptDownloads': True, 'ignoreHTTPSErrors': False, 'bypassCSP': False, 'viewport': {'height': 1080, 'width': 1920}, 'deviceScaleFactor': 1, 'isMobile': False, 'hasTouch': False, 'javaScriptEnabled': True, 'offline': False, 'hideRfBrowser': False, 'reducedMotion': 'no-preference', 'forcedColors': 'none'}</msg>
<status status="PASS" starttime="20230930 06:34:24.394" endtime="20230930 06:34:24.415"/>
</kw>
<kw name="Delete All Cookies" library="RPA.Browser.Playwright">
<tag>BrowserControl</tag>
<tag>Setter</tag>
<doc>Deletes all cookies from the currently active browser context.</doc>
<msg timestamp="20230930 06:34:24.420" level="INFO">All cookies deleted.</msg>
<status status="PASS" starttime="20230930 06:34:24.415" endtime="20230930 06:34:24.421"/>
</kw>
<kw name="Set Browser Timeout" library="RPA.Browser.Playwright">
<var>${old_timeout}</var>
<arg>1m 30 seconds</arg>
<tag>Config</tag>
<tag>Setter</tag>
<doc>Sets the timeout used by most input and getter keywords.</doc>
<msg timestamp="20230930 06:34:24.423" level="INFO">Set timeout to: 90000</msg>
<msg timestamp="20230930 06:34:24.423" level="INFO">${old_timeout} = 10 seconds</msg>
<status status="PASS" starttime="20230930 06:34:24.421" endtime="20230930 06:34:24.423"/>
</kw>
<kw name="New Page" library="RPA.Browser.Playwright">
<arg>https://${env}-dashboard.expedock.com/</arg>
<tag>BrowserControl</tag>
<tag>Setter</tag>
<doc>Open a new Page.</doc>
<msg timestamp="20230930 06:34:30.455" level="INFO">Successfully initialized new page object and opened url: https://passive-dashboard.expedock.com/</msg>
<status status="PASS" starttime="20230930 06:34:24.423" endtime="20230930 06:34:30.455"/>
</kw>
<kw name="Set Browser Timeout" library="RPA.Browser.Playwright">
<arg>${old_timeout}</arg>
<tag>Config</tag>
<tag>Setter</tag>
<doc>Sets the timeout used by most input and getter keywords.</doc>
<msg timestamp="20230930 06:34:30.459" level="INFO">Set timeout to: 10000</msg>
<status status="PASS" starttime="20230930 06:34:30.455" endtime="20230930 06:34:30.459"/>
</kw>
<kw name="Sleep" library="BuiltIn">
<arg>10s</arg>
<doc>Pauses the test executed for the given time.</doc>
<msg timestamp="20230930 06:34:40.461" level="INFO">Slept 10 seconds</msg>
<status status="PASS" starttime="20230930 06:34:30.459" endtime="20230930 06:34:40.461"/>
</kw>
<kw name="Click" library="RPA.Browser.Playwright">
<arg>input#username</arg>
<tag>PageContent</tag>
<tag>Setter</tag>
<doc>Simulates mouse click on the element found by ``selector``.</doc>
<status status="PASS" starttime="20230930 06:34:40.461" endtime="20230930 06:34:40.516"/>
</kw>
<kw name="Fill Text" library="RPA.Browser.Playwright">
<arg>input#username</arg>
<arg>${username}</arg>
<tag>PageContent</tag>
<tag>Setter</tag>
<doc>Clears and fills the given ``txt`` into the text field found by ``selector``.</doc>
<msg timestamp="20230930 06:34:40.517" level="INFO">Fills the text 'jig+datademo@expedock.com' in the given field.</msg>
<status status="PASS" starttime="20230930 06:34:40.517" endtime="20230930 06:34:40.528"/>
</kw>
<kw name="Click" library="RPA.Browser.Playwright">
<arg>input#password</arg>
<tag>PageContent</tag>
<tag>Setter</tag>
<doc>Simulates mouse click on the element found by ``selector``.</doc>
<status status="PASS" starttime="20230930 06:34:40.529" endtime="20230930 06:34:40.578"/>
</kw>
<kw name="Fill Text" library="RPA.Browser.Playwright">
<arg>input#password</arg>
<arg>${password}</arg>
<tag>PageContent</tag>
<tag>Setter</tag>
<doc>Clears and fills the given ``txt`` into the text field found by ``selector``.</doc>
<msg timestamp="20230930 06:34:40.579" level="INFO">Fills the text 'JigDataDemoghz3Gy75ULNy7LSR' in the given field.</msg>
<status status="PASS" starttime="20230930 06:34:40.578" endtime="20230930 06:34:40.590"/>
</kw>
<kw name="Press Keys" library="RPA.Browser.Playwright">
<arg>input#password</arg>
<arg>Enter</arg>
<tag>PageContent</tag>
<tag>Setter</tag>
<doc>Types the given key combination into element found by ``selector``.</doc>
<status status="PASS" starttime="20230930 06:34:40.590" endtime="20230930 06:34:41.849"/>
</kw>
<kw name="Sleep" library="BuiltIn">
<arg>10s</arg>
<doc>Pauses the test executed for the given time.</doc>
<msg timestamp="20230930 06:34:51.853" level="INFO">Slept 10 seconds</msg>
<status status="PASS" starttime="20230930 06:34:41.849" endtime="20230930 06:34:51.853"/>
</kw>
<status status="PASS" starttime="20230930 06:34:23.972" endtime="20230930 06:34:51.854"/>
</kw>
<kw name="Click" library="RPA.Browser.Playwright">
<arg>text="Business Performance"</arg>
<tag>PageContent</tag>
<tag>Setter</tag>
<doc>Simulates mouse click on the element found by ``selector``.</doc>
<status status="PASS" starttime="20230930 06:34:51.854" endtime="20230930 06:34:51.952"/>
</kw>
<for flavor="IN">
<var>${sub_menu}</var>
<value>@{business_performance}</value>
<iter>
<var name="${sub_menu}">Overview</var>
<kw name="Click on sub-menu">
<arg>${sub_menu}</arg>
<try>
<branch type="TRY">
<kw name="Click" library="RPA.Browser.Playwright">
<arg>text="${sub_menu}"</arg>
<tag>PageContent</tag>
<tag>Setter</tag>
<doc>Simulates mouse click on the element found by ``selector``.</doc>
<msg timestamp="20230930 06:34:52.481" level="INFO" html="true">&lt;/td&gt;&lt;/tr&gt;&lt;tr&gt;&lt;td colspan="3"&gt;&lt;a href="browser/screenshot/fail-screenshot-1.png"&gt;&lt;img src="browser/screenshot/fail-screenshot-1.png" width="800px"&gt;&lt;/a&gt;</msg>
<msg timestamp="20230930 06:34:52.482" level="FAIL">Error: locator.click: Error: strict mode violation: "text="Overview"" resolved to 3 elements:
    1) &lt;span&gt;Overview&lt;/span&gt; aka playwright.$("[data-testid="sidebar-tab-OVERVIEW"] &gt;&gt; text=Overview")
    2) &lt;span&gt;Overview&lt;/span&gt; aka playwright.$("[data-testid="sidebar-tab-ACCOUNTING_OVERVIEW"] &gt;&gt; text=Overview")
    3) &lt;span&gt;Overview&lt;/span&gt; aka playwright.$("[data-testid="sidebar-tab-SALES_OVERVIEW"] &gt;&gt; text=Overview")

=========================== logs ===========================
waiting for selector "text="Overview""
  strict mode violation: "text="Overview"" resolved to 3 elements:
    1) &lt;span&gt;Overview&lt;/span&gt; aka playwright.$("[data-testid="sidebar-tab-OVERVIEW"] &gt;&gt; text=Overview")
    2) &lt;span&gt;Overview&lt;/span&gt; aka playwright.$("[data-testid="sidebar-tab-ACCOUNTING_OVERVIEW"] &gt;&gt; text=Overview")
    3) &lt;span&gt;Overview&lt;/span&gt; aka playwright.$("[data-testid="sidebar-tab-SALES_OVERVIEW"] &gt;&gt; text=Overview")

============================================================</msg>
<status status="FAIL" starttime="20230930 06:34:51.953" endtime="20230930 06:34:52.486"/>
</kw>
<status status="FAIL" starttime="20230930 06:34:51.953" endtime="20230930 06:34:52.486"/>
</branch>
<branch type="EXCEPT">
<kw name="Convert To Upper Case" library="String">
<var>${sub_menu}</var>
<arg>${sub_menu}</arg>
<doc>Converts string to upper case.</doc>
<msg timestamp="20230930 06:34:52.487" level="INFO">${sub_menu} = OVERVIEW</msg>
<status status="PASS" starttime="20230930 06:34:52.486" endtime="20230930 06:34:52.487"/>
</kw>
<kw name="Replace String" library="String">
<var>${sub_menu}</var>
<arg>${sub_menu}</arg>
<arg>${SPACE}</arg>
<arg>_</arg>
<doc>Replaces ``search_for`` in the given ``string`` with ``replace_with``.</doc>
<msg timestamp="20230930 06:34:52.487" level="INFO">${sub_menu} = OVERVIEW</msg>
<status status="PASS" starttime="20230930 06:34:52.487" endtime="20230930 06:34:52.487"/>
</kw>
<kw name="Click" library="RPA.Browser.Playwright">
<arg>xpath=//li[@data-testid="sidebar-tab-${sub_menu}"]</arg>
<tag>PageContent</tag>
<tag>Setter</tag>
<doc>Simulates mouse click on the element found by ``selector``.</doc>
<status status="PASS" starttime="20230930 06:34:52.487" endtime="20230930 06:34:57.107"/>
</kw>
<status status="PASS" starttime="20230930 06:34:52.486" endtime="20230930 06:34:57.107"/>
</branch>
<status status="PASS" starttime="20230930 06:34:51.953" endtime="20230930 06:34:57.107"/>
</try>
<status status="PASS" starttime="20230930 06:34:51.953" endtime="20230930 06:34:57.107"/>
</kw>
<kw name="Replace String" library="String">
<var>${sub_menu}</var>
<arg>${sub_menu}</arg>
<arg>${SPACE}</arg>
<arg>-</arg>
<doc>Replaces ``search_for`` in the given ``string`` with ``replace_with``.</doc>
<msg timestamp="20230930 06:34:57.108" level="INFO">${sub_menu} = Overview</msg>
<status status="PASS" starttime="20230930 06:34:57.107" endtime="20230930 06:34:57.108"/>
</kw>
<kw name="Set Variable" library="BuiltIn">
<var>${chart_name}</var>
<arg>${sub_menu}-charts</arg>
<doc>Returns the given values which can then be assigned to a variables.</doc>
<msg timestamp="20230930 06:34:57.108" level="INFO">${chart_name} = Overview-charts</msg>
<status status="PASS" starttime="20230930 06:34:57.108" endtime="20230930 06:34:57.108"/>
</kw>
<kw name="Log" library="BuiltIn">
<arg>${chart_name}</arg>
<doc>Logs the given message with the given level.</doc>
<msg timestamp="20230930 06:34:57.109" level="INFO">Overview-charts</msg>
<status status="PASS" starttime="20230930 06:34:57.109" endtime="20230930 06:34:57.109"/>
</kw>
<kw name="Check dashboard loaded">
<arg>@{${chart_name}}</arg>
<for flavor="IN">
<var>${chart}</var>
<value>@{charts}</value>
<iter>
<var name="${chart}">Revenue for Latest Month</var>
<kw name="Wait For Elements State" library="RPA.Browser.Playwright">
<arg>text="${chart}"</arg>
<arg>visible</arg>
<arg>timeout=1 min</arg>
<tag>PageContent</tag>
<tag>Wait</tag>
<doc>Waits for the element found by ``selector`` to satisfy state option.</doc>
<msg timestamp="20230930 06:35:08.769" level="INFO">Waited for Element with selector text="Revenue for Latest Month" at state visible</msg>
<status status="PASS" starttime="20230930 06:34:57.110" endtime="20230930 06:35:08.770"/>
</kw>
<status status="PASS" starttime="20230930 06:34:57.109" endtime="20230930 06:35:08.770"/>
</iter>
<iter>
<var name="${chart}">Expenses for Latest Month</var>
<kw name="Wait For Elements State" library="RPA.Browser.Playwright">
<arg>text="${chart}"</arg>
<arg>visible</arg>
<arg>timeout=1 min</arg>
<tag>PageContent</tag>
<tag>Wait</tag>
<doc>Waits for the element found by ``selector`` to satisfy state option.</doc>
<msg timestamp="20230930 06:35:08.861" level="INFO">Waited for Element with selector text="Expenses for Latest Month" at state visible</msg>
<status status="PASS" starttime="20230930 06:35:08.770" endtime="20230930 06:35:08.861"/>
</kw>
<status status="PASS" starttime="20230930 06:35:08.770" endtime="20230930 06:35:08.861"/>
</iter>
<iter>
<var name="${chart}">Gross Margin for Latest Month</var>
<kw name="Wait For Elements State" library="RPA.Browser.Playwright">
<arg>text="${chart}"</arg>
<arg>visible</arg>
<arg>timeout=1 min</arg>
<tag>PageContent</tag>
<tag>Wait</tag>
<doc>Waits for the element found by ``selector`` to satisfy state option.</doc>
<msg timestamp="20230930 06:35:08.890" level="INFO">Waited for Element with selector text="Gross Margin for Latest Month" at state visible</msg>
<status status="PASS" starttime="20230930 06:35:08.862" endtime="20230930 06:35:08.890"/>
</kw>
<status status="PASS" starttime="20230930 06:35:08.861" endtime="20230930 06:35:08.890"/>
</iter>
<iter>
<var name="${chart}">Average Margin per Shipment for Latest Month</var>
<kw name="Wait For Elements State" library="RPA.Browser.Playwright">
<arg>text="${chart}"</arg>
<arg>visible</arg>
<arg>timeout=1 min</arg>
<tag>PageContent</tag>
<tag>Wait</tag>
<doc>Waits for the element found by ``selector`` to satisfy state option.</doc>
<msg timestamp="20230930 06:35:08.907" level="INFO">Waited for Element with selector text="Average Margin per Shipment for Latest Month" at state visible</msg>
<status status="PASS" starttime="20230930 06:35:08.891" endtime="20230930 06:35:08.907"/>
</kw>
<status status="PASS" starttime="20230930 06:35:08.890" endtime="20230930 06:35:08.907"/>
</iter>
<iter>
<var name="${chart}">Shipment Volume for Latest Month</var>
<kw name="Wait For Elements State" library="RPA.Browser.Playwright">
<arg>text="${chart}"</arg>
<arg>visible</arg>
<arg>timeout=1 min</arg>
<tag>PageContent</tag>
<tag>Wait</tag>
<doc>Waits for the element found by ``selector`` to satisfy state option.</doc>
<msg timestamp="20230930 06:35:08.923" level="INFO">Waited for Element with selector text="Shipment Volume for Latest Month" at state visible</msg>
<status status="PASS" starttime="20230930 06:35:08.908" endtime="20230930 06:35:08.923"/>
</kw>
<status status="PASS" starttime="20230930 06:35:08.907" endtime="20230930 06:35:08.923"/>
</iter>
<iter>
<var name="${chart}">Files per Operator for Latest Month</var>
<kw name="Wait For Elements State" library="RPA.Browser.Playwright">
<arg>text="${chart}"</arg>
<arg>visible</arg>
<arg>timeout=1 min</arg>
<tag>PageContent</tag>
<tag>Wait</tag>
<doc>Waits for the element found by ``selector`` to satisfy state option.</doc>
<msg timestamp="20230930 06:35:08.939" level="INFO">Waited for Element with selector text="Files per Operator for Latest Month" at state visible</msg>
<status status="PASS" starttime="20230930 06:35:08.923" endtime="20230930 06:35:08.939"/>
</kw>
<status status="PASS" starttime="20230930 06:35:08.923" endtime="20230930 06:35:08.939"/>
</iter>
<iter>
<var name="${chart}">Margin (Net Profit) By Date Shipment Created</var>
<kw name="Wait For Elements State" library="RPA.Browser.Playwright">
<arg>text="${chart}"</arg>
<arg>visible</arg>
<arg>timeout=1 min</arg>
<tag>PageContent</tag>
<tag>Wait</tag>
<doc>Waits for the element found by ``selector`` to satisfy state option.</doc>
<msg timestamp="20230930 06:35:08.955" level="INFO">Waited for Element with selector text="Margin (Net Profit) By Date Shipment Created" at state visible</msg>
<status status="PASS" starttime="20230930 06:35:08.940" endtime="20230930 06:35:08.955"/>
</kw>
<status status="PASS" starttime="20230930 06:35:08.940" endtime="20230930 06:35:08.955"/>
</iter>
<iter>
<var name="${chart}">Margin Percent By Date Shipment Created</var>
<kw name="Wait For Elements State" library="RPA.Browser.Playwright">
<arg>text="${chart}"</arg>
<arg>visible</arg>
<arg>timeout=1 min</arg>
<tag>PageContent</tag>
<tag>Wait</tag>
<doc>Waits for the element found by ``selector`` to satisfy state option.</doc>
<msg timestamp="20230930 06:35:08.970" level="INFO">Waited for Element with selector text="Margin Percent By Date Shipment Created" at state visible</msg>
<status status="PASS" starttime="20230930 06:35:08.956" endtime="20230930 06:35:08.971"/>
</kw>
<status status="PASS" starttime="20230930 06:35:08.956" endtime="20230930 06:35:08.971"/>
</iter>
<iter>
<var name="${chart}">Revenue By Date Shipment Created</var>
<kw name="Wait For Elements State" library="RPA.Browser.Playwright">
<arg>text="${chart}"</arg>
<arg>visible</arg>
<arg>timeout=1 min</arg>
<tag>PageContent</tag>
<tag>Wait</tag>
<doc>Waits for the element found by ``selector`` to satisfy state option.</doc>
<msg timestamp="20230930 06:35:08.985" level="INFO">Waited for Element with selector text="Revenue By Date Shipment Created" at state visible</msg>
<status status="PASS" starttime="20230930 06:35:08.971" endtime="20230930 06:35:08.985"/>
</kw>
<status status="PASS" starttime="20230930 06:35:08.971" endtime="20230930 06:35:08.986"/>
</iter>
<iter>
<var name="${chart}">Expenses By Date Shipment Created</var>
<kw name="Wait For Elements State" library="RPA.Browser.Playwright">
<arg>text="${chart}"</arg>
<arg>visible</arg>
<arg>timeout=1 min</arg>
<tag>PageContent</tag>
<tag>Wait</tag>
<doc>Waits for the element found by ``selector`` to satisfy state option.</doc>
<msg timestamp="20230930 06:35:09.004" level="INFO">Waited for Element with selector text="Expenses By Date Shipment Created" at state visible</msg>
<status status="PASS" starttime="20230930 06:35:08.986" endtime="20230930 06:35:09.004"/>
</kw>
<status status="PASS" starttime="20230930 06:35:08.986" endtime="20230930 06:35:09.005"/>
</iter>
<iter>
<var name="${chart}">Shipment Volume By Date Shipment Created</var>
<kw name="Wait For Elements State" library="RPA.Browser.Playwright">
<arg>text="${chart}"</arg>
<arg>visible</arg>
<arg>timeout=1 min</arg>
<tag>PageContent</tag>
<tag>Wait</tag>
<doc>Waits for the element found by ``selector`` to satisfy state option.</doc>
<msg timestamp="20230930 06:35:09.019" level="INFO">Waited for Element with selector text="Shipment Volume By Date Shipment Created" at state visible</msg>
<status status="PASS" starttime="20230930 06:35:09.005" endtime="20230930 06:35:09.019"/>
</kw>
<status status="PASS" starttime="20230930 06:35:09.005" endtime="20230930 06:35:09.019"/>
</iter>
<iter>
<var name="${chart}">Shipments Per Milestone for Latest Month</var>
<kw name="Wait For Elements State" library="RPA.Browser.Playwright">
<arg>text="${chart}"</arg>
<arg>visible</arg>
<arg>timeout=1 min</arg>
<tag>PageContent</tag>
<tag>Wait</tag>
<doc>Waits for the element found by ``selector`` to satisfy state option.</doc>
<msg timestamp="20230930 06:35:09.034" level="INFO">Waited for Element with selector text="Shipments Per Milestone for Latest Month" at state visible</msg>
<status status="PASS" starttime="20230930 06:35:09.020" endtime="20230930 06:35:09.034"/>
</kw>
<status status="PASS" starttime="20230930 06:35:09.020" endtime="20230930 06:35:09.035"/>
</iter>
<iter>
<var name="${chart}">Top 20 Operators by Shipment Volume</var>
<kw name="Wait For Elements State" library="RPA.Browser.Playwright">
<arg>text="${chart}"</arg>
<arg>visible</arg>
<arg>timeout=1 min</arg>
<tag>PageContent</tag>
<tag>Wait</tag>
<doc>Waits for the element found by ``selector`` to satisfy state option.</doc>
<msg timestamp="20230930 06:35:09.049" level="INFO">Waited for Element with selector text="Top 20 Operators by Shipment Volume" at state visible</msg>
<status status="PASS" starttime="20230930 06:35:09.035" endtime="20230930 06:35:09.050"/>
</kw>
<status status="PASS" starttime="20230930 06:35:09.035" endtime="20230930 06:35:09.050"/>
</iter>
<iter>
<var name="${chart}">Top 20 Sales Reps by Net Profit</var>
<kw name="Wait For Elements State" library="RPA.Browser.Playwright">
<arg>text="${chart}"</arg>
<arg>visible</arg>
<arg>timeout=1 min</arg>
<tag>PageContent</tag>
<tag>Wait</tag>
<doc>Waits for the element found by ``selector`` to satisfy state option.</doc>
<msg timestamp="20230930 06:35:09.065" level="INFO">Waited for Element with selector text="Top 20 Sales Reps by Net Profit" at state visible</msg>
<status status="PASS" starttime="20230930 06:35:09.050" endtime="20230930 06:35:09.065"/>
</kw>
<status status="PASS" starttime="20230930 06:35:09.050" endtime="20230930 06:35:09.066"/>
</iter>
<iter>
<var name="${chart}">Net Profit for Most Recent 12 months vs Previous 12 months</var>
<kw name="Wait For Elements State" library="RPA.Browser.Playwright">
<arg>text="${chart}"</arg>
<arg>visible</arg>
<arg>timeout=1 min</arg>
<tag>PageContent</tag>
<tag>Wait</tag>
<doc>Waits for the element found by ``selector`` to satisfy state option.</doc>
<msg timestamp="20230930 06:35:09.081" level="INFO">Waited for Element with selector text="Net Profit for Most Recent 12 months vs Previous 12 months" at state visible</msg>
<status status="PASS" starttime="20230930 06:35:09.066" endtime="20230930 06:35:09.081"/>
</kw>
<status status="PASS" starttime="20230930 06:35:09.066" endtime="20230930 06:35:09.081"/>
</iter>
<iter>
<var name="${chart}">Order to Cash Cycle in Days</var>
<kw name="Wait For Elements State" library="RPA.Browser.Playwright">
<arg>text="${chart}"</arg>
<arg>visible</arg>
<arg>timeout=1 min</arg>
<tag>PageContent</tag>
<tag>Wait</tag>
<doc>Waits for the element found by ``selector`` to satisfy state option.</doc>
<msg timestamp="20230930 06:35:09.096" level="INFO">Waited for Element with selector text="Order to Cash Cycle in Days" at state visible</msg>
<status status="PASS" starttime="20230930 06:35:09.082" endtime="20230930 06:35:09.096"/>
</kw>
<status status="PASS" starttime="20230930 06:35:09.081" endtime="20230930 06:35:09.096"/>
</iter>
<status status="PASS" starttime="20230930 06:34:57.109" endtime="20230930 06:35:09.096"/>
</for>
<status status="PASS" starttime="20230930 06:34:57.109" endtime="20230930 06:35:09.097"/>
</kw>
<status status="PASS" starttime="20230930 06:34:51.953" endtime="20230930 06:35:09.097"/>
</iter>
<iter>
<var name="${sub_menu}">Account Overview</var>
<kw name="Click on sub-menu">
<arg>${sub_menu}</arg>
<try>
<branch type="TRY">
<kw name="Click" library="RPA.Browser.Playwright">
<arg>text="${sub_menu}"</arg>
<tag>PageContent</tag>
<tag>Setter</tag>
<doc>Simulates mouse click on the element found by ``selector``.</doc>
<status status="PASS" starttime="20230930 06:35:09.097" endtime="20230930 06:35:09.396"/>
</kw>
<status status="PASS" starttime="20230930 06:35:09.097" endtime="20230930 06:35:09.397"/>
</branch>
<branch type="EXCEPT">
<kw name="Convert To Upper Case" library="String">
<var>${sub_menu}</var>
<arg>${sub_menu}</arg>
<doc>Converts string to upper case.</doc>
<status status="NOT RUN" starttime="20230930 06:35:09.397" endtime="20230930 06:35:09.397"/>
</kw>
<kw name="Replace String" library="String">
<var>${sub_menu}</var>
<arg>${sub_menu}</arg>
<arg>${SPACE}</arg>
<arg>_</arg>
<doc>Replaces ``search_for`` in the given ``string`` with ``replace_with``.</doc>
<status status="NOT RUN" starttime="20230930 06:35:09.397" endtime="20230930 06:35:09.398"/>
</kw>
<kw name="Click" library="RPA.Browser.Playwright">
<arg>xpath=//li[@data-testid="sidebar-tab-${sub_menu}"]</arg>
<tag>PageContent</tag>
<tag>Setter</tag>
<doc>Simulates mouse click on the element found by ``selector``.</doc>
<status status="NOT RUN" starttime="20230930 06:35:09.398" endtime="20230930 06:35:09.398"/>
</kw>
<status status="NOT RUN" starttime="20230930 06:35:09.397" endtime="20230930 06:35:09.398"/>
</branch>
<status status="PASS" starttime="20230930 06:35:09.097" endtime="20230930 06:35:09.398"/>
</try>
<status status="PASS" starttime="20230930 06:35:09.097" endtime="20230930 06:35:09.398"/>
</kw>
<kw name="Replace String" library="String">
<var>${sub_menu}</var>
<arg>${sub_menu}</arg>
<arg>${SPACE}</arg>
<arg>-</arg>
<doc>Replaces ``search_for`` in the given ``string`` with ``replace_with``.</doc>
<msg timestamp="20230930 06:35:09.399" level="INFO">${sub_menu} = Account-Overview</msg>
<status status="PASS" starttime="20230930 06:35:09.399" endtime="20230930 06:35:09.399"/>
</kw>
<kw name="Set Variable" library="BuiltIn">
<var>${chart_name}</var>
<arg>${sub_menu}-charts</arg>
<doc>Returns the given values which can then be assigned to a variables.</doc>
<msg timestamp="20230930 06:35:09.400" level="INFO">${chart_name} = Account-Overview-charts</msg>
<status status="PASS" starttime="20230930 06:35:09.399" endtime="20230930 06:35:09.400"/>
</kw>
<kw name="Log" library="BuiltIn">
<arg>${chart_name}</arg>
<doc>Logs the given message with the given level.</doc>
<msg timestamp="20230930 06:35:09.400" level="INFO">Account-Overview-charts</msg>
<status status="PASS" starttime="20230930 06:35:09.400" endtime="20230930 06:35:09.400"/>
</kw>
<kw name="Check dashboard loaded">
<arg>@{${chart_name}}</arg>
<for flavor="IN">
<var>${chart}</var>
<value>@{charts}</value>
<iter>
<var name="${chart}">Margin (Net Profit) By Account</var>
<kw name="Wait For Elements State" library="RPA.Browser.Playwright">
<arg>text="${chart}"</arg>
<arg>visible</arg>
<arg>timeout=1 min</arg>
<tag>PageContent</tag>
<tag>Wait</tag>
<doc>Waits for the element found by ``selector`` to satisfy state option.</doc>
<msg timestamp="20230930 06:35:21.370" level="INFO">Waited for Element with selector text="Margin (Net Profit) By Account" at state visible</msg>
<status status="PASS" starttime="20230930 06:35:09.402" endtime="20230930 06:35:21.370"/>
</kw>
<status status="PASS" starttime="20230930 06:35:09.402" endtime="20230930 06:35:21.370"/>
</iter>
<iter>
<var name="${chart}">Margin Percent By Account</var>
<kw name="Wait For Elements State" library="RPA.Browser.Playwright">
<arg>text="${chart}"</arg>
<arg>visible</arg>
<arg>timeout=1 min</arg>
<tag>PageContent</tag>
<tag>Wait</tag>
<doc>Waits for the element found by ``selector`` to satisfy state option.</doc>
<msg timestamp="20230930 06:35:21.393" level="INFO">Waited for Element with selector text="Margin Percent By Account" at state visible</msg>
<status status="PASS" starttime="20230930 06:35:21.370" endtime="20230930 06:35:21.393"/>
</kw>
<status status="PASS" starttime="20230930 06:35:21.370" endtime="20230930 06:35:21.393"/>
</iter>
<iter>
<var name="${chart}">Revenue By Account</var>
<kw name="Wait For Elements State" library="RPA.Browser.Playwright">
<arg>text="${chart}"</arg>
<arg>visible</arg>
<arg>timeout=1 min</arg>
<tag>PageContent</tag>
<tag>Wait</tag>
<doc>Waits for the element found by ``selector`` to satisfy state option.</doc>
<msg timestamp="20230930 06:35:21.404" level="INFO">Waited for Element with selector text="Revenue By Account" at state visible</msg>
<status status="PASS" starttime="20230930 06:35:21.394" endtime="20230930 06:35:21.404"/>
</kw>
<status status="PASS" starttime="20230930 06:35:21.393" endtime="20230930 06:35:21.404"/>
</iter>
<iter>
<var name="${chart}">Expenses By Account</var>
<kw name="Wait For Elements State" library="RPA.Browser.Playwright">
<arg>text="${chart}"</arg>
<arg>visible</arg>
<arg>timeout=1 min</arg>
<tag>PageContent</tag>
<tag>Wait</tag>
<doc>Waits for the element found by ``selector`` to satisfy state option.</doc>
<msg timestamp="20230930 06:35:21.416" level="INFO">Waited for Element with selector text="Expenses By Account" at state visible</msg>
<status status="PASS" starttime="20230930 06:35:21.405" endtime="20230930 06:35:21.416"/>
</kw>
<status status="PASS" starttime="20230930 06:35:21.405" endtime="20230930 06:35:21.417"/>
</iter>
<status status="PASS" starttime="20230930 06:35:09.402" endtime="20230930 06:35:21.417"/>
</for>
<status status="PASS" starttime="20230930 06:35:09.400" endtime="20230930 06:35:21.417"/>
</kw>
<status status="PASS" starttime="20230930 06:35:09.097" endtime="20230930 06:35:21.417"/>
</iter>
<iter>
<var name="${sub_menu}">Branch Overview</var>
<kw name="Click on sub-menu">
<arg>${sub_menu}</arg>
<try>
<branch type="TRY">
<kw name="Click" library="RPA.Browser.Playwright">
<arg>text="${sub_menu}"</arg>
<tag>PageContent</tag>
<tag>Setter</tag>
<doc>Simulates mouse click on the element found by ``selector``.</doc>
<status status="PASS" starttime="20230930 06:35:21.417" endtime="20230930 06:35:21.637"/>
</kw>
<status status="PASS" starttime="20230930 06:35:21.417" endtime="20230930 06:35:21.637"/>
</branch>
<branch type="EXCEPT">
<kw name="Convert To Upper Case" library="String">
<var>${sub_menu}</var>
<arg>${sub_menu}</arg>
<doc>Converts string to upper case.</doc>
<status status="NOT RUN" starttime="20230930 06:35:21.637" endtime="20230930 06:35:21.638"/>
</kw>
<kw name="Replace String" library="String">
<var>${sub_menu}</var>
<arg>${sub_menu}</arg>
<arg>${SPACE}</arg>
<arg>_</arg>
<doc>Replaces ``search_for`` in the given ``string`` with ``replace_with``.</doc>
<status status="NOT RUN" starttime="20230930 06:35:21.638" endtime="20230930 06:35:21.638"/>
</kw>
<kw name="Click" library="RPA.Browser.Playwright">
<arg>xpath=//li[@data-testid="sidebar-tab-${sub_menu}"]</arg>
<tag>PageContent</tag>
<tag>Setter</tag>
<doc>Simulates mouse click on the element found by ``selector``.</doc>
<status status="NOT RUN" starttime="20230930 06:35:21.638" endtime="20230930 06:35:21.638"/>
</kw>
<status status="NOT RUN" starttime="20230930 06:35:21.637" endtime="20230930 06:35:21.638"/>
</branch>
<status status="PASS" starttime="20230930 06:35:21.417" endtime="20230930 06:35:21.638"/>
</try>
<status status="PASS" starttime="20230930 06:35:21.417" endtime="20230930 06:35:21.638"/>
</kw>
<kw name="Replace String" library="String">
<var>${sub_menu}</var>
<arg>${sub_menu}</arg>
<arg>${SPACE}</arg>
<arg>-</arg>
<doc>Replaces ``search_for`` in the given ``string`` with ``replace_with``.</doc>
<msg timestamp="20230930 06:35:21.639" level="INFO">${sub_menu} = Branch-Overview</msg>
<status status="PASS" starttime="20230930 06:35:21.638" endtime="20230930 06:35:21.639"/>
</kw>
<kw name="Set Variable" library="BuiltIn">
<var>${chart_name}</var>
<arg>${sub_menu}-charts</arg>
<doc>Returns the given values which can then be assigned to a variables.</doc>
<msg timestamp="20230930 06:35:21.639" level="INFO">${chart_name} = Branch-Overview-charts</msg>
<status status="PASS" starttime="20230930 06:35:21.639" endtime="20230930 06:35:21.639"/>
</kw>
<kw name="Log" library="BuiltIn">
<arg>${chart_name}</arg>
<doc>Logs the given message with the given level.</doc>
<msg timestamp="20230930 06:35:21.639" level="INFO">Branch-Overview-charts</msg>
<status status="PASS" starttime="20230930 06:35:21.639" endtime="20230930 06:35:21.639"/>
</kw>
<kw name="Check dashboard loaded">
<arg>@{${chart_name}}</arg>
<msg timestamp="20230930 06:35:21.641" level="FAIL">Resolving variable '@{Branch-Overview-charts}' failed: Variable '${Branch}' not found.</msg>
<status status="FAIL" starttime="20230930 06:35:21.639" endtime="20230930 06:35:21.641"/>
</kw>
<status status="FAIL" starttime="20230930 06:35:21.417" endtime="20230930 06:35:21.641"/>
</iter>
<status status="FAIL" starttime="20230930 06:34:51.953" endtime="20230930 06:35:21.641"/>
</for>
<status status="FAIL" starttime="20230930 06:34:23.970" endtime="20230930 06:35:21.642">Resolving variable '@{Branch-Overview-charts}' failed: Variable '${Branch}' not found.</status>
</test>
<status status="FAIL" starttime="20230930 06:34:22.844" endtime="20230930 06:35:21.697"/>
</suite>
<statistics>
<total>
<stat pass="0" fail="1" skip="0">All Tests</stat>
</total>
<tag>
</tag>
<suite>
<stat pass="0" fail="1" skip="0" id="s1" name="Access-Check">Access-Check</stat>
</suite>
</statistics>
<errors>
</errors>
</robot>
