<?xml version="1.0" encoding="UTF-8"?>
<robot generator="Robot 5.0.1 (Python 3.9.13 on win32)" generated="20231210 22:29:55.194" rpa="false" schemaversion="3">
<suite id="s1" name="Tests" source="C:\Users\immad\PycharmProjects\expedock-qa-automation\Tests">
<suite id="s1-s1" name="1 Dashboard Access-Check" source="C:\Users\immad\PycharmProjects\expedock-qa-automation\Tests\1_dashboard_access-check.robot">
<test id="s1-s1-t1" name="Verify page dashboard in Business Performance" line="153">
<kw name="Run Keywords" library="BuiltIn" type="SETUP">
<arg>Log-in to expedock</arg>
<arg>passive</arg>
<arg>${username}</arg>
<arg>${password}</arg>
<arg>AND</arg>
<arg>Click</arg>
<arg>text="Business Performance"</arg>
<doc>Executes all the given keywords in a sequence.</doc>
<kw name="Log-in to expedock" library="utils">
<arg>passive</arg>
<arg>${username}</arg>
<arg>${password}</arg>
<kw name="New Browser" library="RPA.Browser.Playwright">
<arg>chromium</arg>
<arg>headless=false</arg>
<tag>BrowserControl</tag>
<tag>Setter</tag>
<doc>Create a new playwright Browser with specified options.</doc>
<msg timestamp="20231210 22:29:57.161" level="INFO">{"browser": "chromium", "headless": false, "handleSIGINT": true, "handleSIGTERM": true, "handleSIGHUP": true, "timeout": 30000.0, "devtools": false, "slowMo": 0.0, "tracesDir": "C:\\Users\\immad\\PycharmProjects\\expedock-qa-automation\\browser\\traces\\c1ad8421-80a5-4cd3-9468-9bb157ef021b"}</msg>
<msg timestamp="20231210 22:29:57.840" level="INFO">Successfully created browser with options: {"browser":"chromium","headless":false,"handleSIGINT":true,"handleSIGTERM":true,"handleSIGHUP":true,"timeout":30000,"devtools":false,"slowMo":0,"tracesDir":"C:\\Users\\immad\\PycharmProjects\\expedock-qa-automation\\browser\\traces\\c1ad8421-80a5-4cd3-9468-9bb157ef021b"}</msg>
<status status="PASS" starttime="20231210 22:29:57.161" endtime="20231210 22:29:57.840"/>
</kw>
<kw name="New Context" library="RPA.Browser.Playwright">
<arg>viewport={'width': 1920, 'height': 1080}</arg>
<arg>acceptDownloads=True</arg>
<tag>BrowserControl</tag>
<tag>Setter</tag>
<doc>Create a new BrowserContext with specified options.</doc>
<msg timestamp="20231210 22:29:57.840" level="INFO">{"acceptDownloads": true, "ignoreHTTPSErrors": false, "bypassCSP": false, "viewport": {"width": 1920, "height": 1080}, "deviceScaleFactor": 1.0, "isMobile": false, "hasTouch": false, "javaScriptEnabled": true, "offline": false, "hideRfBrowser": false, "reducedMotion": "no-preference", "forcedColors": "none"}</msg>
<msg timestamp="20231210 22:29:57.878" level="INFO">Successfully created context. </msg>
<msg timestamp="20231210 22:29:57.878" level="INFO">{'acceptDownloads': True, 'ignoreHTTPSErrors': False, 'bypassCSP': False, 'viewport': {'width': 1920, 'height': 1080}, 'deviceScaleFactor': 1, 'isMobile': False, 'hasTouch': False, 'javaScriptEnabled': True, 'offline': False, 'hideRfBrowser': False, 'reducedMotion': 'no-preference', 'forcedColors': 'none'}</msg>
<status status="PASS" starttime="20231210 22:29:57.840" endtime="20231210 22:29:57.878"/>
</kw>
<kw name="Delete All Cookies" library="RPA.Browser.Playwright">
<tag>BrowserControl</tag>
<tag>Setter</tag>
<doc>Deletes all cookies from the currently active browser context.</doc>
<msg timestamp="20231210 22:29:57.887" level="INFO">All cookies deleted.</msg>
<status status="PASS" starttime="20231210 22:29:57.878" endtime="20231210 22:29:57.887"/>
</kw>
<kw name="Set Browser Timeout" library="RPA.Browser.Playwright">
<var>${old_timeout}</var>
<arg>1m 30 seconds</arg>
<tag>Config</tag>
<tag>Setter</tag>
<doc>Sets the timeout used by most input and getter keywords.</doc>
<msg timestamp="20231210 22:29:57.887" level="INFO">Set timeout to: 90000</msg>
<msg timestamp="20231210 22:29:57.887" level="INFO">${old_timeout} = 10 seconds</msg>
<status status="PASS" starttime="20231210 22:29:57.887" endtime="20231210 22:29:57.887"/>
</kw>
<kw name="New Page" library="RPA.Browser.Playwright">
<arg>https://${env}-dashboard.expedock.com/</arg>
<tag>BrowserControl</tag>
<tag>Setter</tag>
<doc>Open a new Page.</doc>
<msg timestamp="20231210 22:30:04.406" level="INFO">Successfully initialized new page object and opened url: https://passive-dashboard.expedock.com/</msg>
<status status="PASS" starttime="20231210 22:29:57.893" endtime="20231210 22:30:04.406"/>
</kw>
<kw name="Set Browser Timeout" library="RPA.Browser.Playwright">
<arg>${old_timeout}</arg>
<tag>Config</tag>
<tag>Setter</tag>
<doc>Sets the timeout used by most input and getter keywords.</doc>
<msg timestamp="20231210 22:30:04.410" level="INFO">Set timeout to: 10000</msg>
<status status="PASS" starttime="20231210 22:30:04.407" endtime="20231210 22:30:04.410"/>
</kw>
<kw name="Wait Until Keyword Succeeds" library="BuiltIn">
<arg>30s</arg>
<arg>.5s</arg>
<arg>Wait For Elements State</arg>
<arg>text="Welcome"</arg>
<arg>visible</arg>
<arg>timeout=1 min</arg>
<doc>Runs the specified keyword and retries if it fails.</doc>
<kw name="Wait For Elements State" library="RPA.Browser.Playwright">
<arg>text="Welcome"</arg>
<arg>visible</arg>
<arg>timeout=1 min</arg>
<tag>PageContent</tag>
<tag>Wait</tag>
<doc>Waits for the element found by ``selector`` to satisfy state option.</doc>
<msg timestamp="20231210 22:30:04.436" level="INFO">Waited for Element with selector text="Welcome" at state visible</msg>
<status status="PASS" starttime="20231210 22:30:04.410" endtime="20231210 22:30:04.436"/>
</kw>
<status status="PASS" starttime="20231210 22:30:04.410" endtime="20231210 22:30:04.436"/>
</kw>
<kw name="Click" library="RPA.Browser.Playwright">
<arg>input#username</arg>
<tag>PageContent</tag>
<tag>Setter</tag>
<doc>Simulates mouse click on the element found by ``selector``.</doc>
<status status="PASS" starttime="20231210 22:30:04.436" endtime="20231210 22:30:04.570"/>
</kw>
<kw name="Fill Text" library="RPA.Browser.Playwright">
<arg>input#username</arg>
<arg>${username}</arg>
<tag>PageContent</tag>
<tag>Setter</tag>
<doc>Clears and fills the given ``txt`` into the text field found by ``selector``.</doc>
<msg timestamp="20231210 22:30:04.570" level="INFO">Fills the text 'jig+datademo@expedock.com' in the given field.</msg>
<status status="PASS" starttime="20231210 22:30:04.570" endtime="20231210 22:30:04.584"/>
</kw>
<kw name="Click" library="RPA.Browser.Playwright">
<arg>input#password</arg>
<tag>PageContent</tag>
<tag>Setter</tag>
<doc>Simulates mouse click on the element found by ``selector``.</doc>
<status status="PASS" starttime="20231210 22:30:04.584" endtime="20231210 22:30:04.632"/>
</kw>
<kw name="Fill Text" library="RPA.Browser.Playwright">
<arg>input#password</arg>
<arg>${password}</arg>
<tag>PageContent</tag>
<tag>Setter</tag>
<doc>Clears and fills the given ``txt`` into the text field found by ``selector``.</doc>
<msg timestamp="20231210 22:30:04.632" level="INFO">Fills the text 'JigDataDemoghz3Gy75ULNy7LSR' in the given field.</msg>
<status status="PASS" starttime="20231210 22:30:04.632" endtime="20231210 22:30:04.644"/>
</kw>
<kw name="Press Keys" library="RPA.Browser.Playwright">
<arg>input#password</arg>
<arg>Enter</arg>
<tag>PageContent</tag>
<tag>Setter</tag>
<doc>Types the given key combination into element found by ``selector``.</doc>
<status status="PASS" starttime="20231210 22:30:04.644" endtime="20231210 22:30:06.974"/>
</kw>
<kw name="Sleep" library="BuiltIn">
<arg>10s</arg>
<doc>Pauses the test executed for the given time.</doc>
<msg timestamp="20231210 22:30:16.987" level="INFO">Slept 10 seconds</msg>
<status status="PASS" starttime="20231210 22:30:06.974" endtime="20231210 22:30:16.987"/>
</kw>
<status status="PASS" starttime="20231210 22:29:57.161" endtime="20231210 22:30:16.987"/>
</kw>
<kw name="Click" library="RPA.Browser.Playwright">
<arg>text="Business Performance"</arg>
<tag>PageContent</tag>
<tag>Setter</tag>
<doc>Simulates mouse click on the element found by ``selector``.</doc>
<status status="PASS" starttime="20231210 22:30:16.987" endtime="20231210 22:30:17.091"/>
</kw>
<status status="PASS" starttime="20231210 22:29:57.161" endtime="20231210 22:30:17.091"/>
</kw>
<for flavor="IN">
<var>${sub_menu}</var>
<value>@{business_performance}</value>
<iter>
<var name="${sub_menu}">Overview</var>
<kw name="Run Keyword And Continue On Failure" library="BuiltIn">
<arg>Check charts</arg>
<arg>${sub_menu}</arg>
<doc>Runs the keyword and continues execution even if a failure occurs.</doc>
<kw name="Check charts">
<arg>${sub_menu}</arg>
<kw name="Click on sub-menu">
<arg>${sub_menu}</arg>
<try>
<branch type="TRY">
<kw name="Click" library="RPA.Browser.Playwright">
<arg>text="${sub_menu}"</arg>
<tag>PageContent</tag>
<tag>Setter</tag>
<doc>Simulates mouse click on the element found by ``selector``.</doc>
<msg timestamp="20231210 22:30:17.365" level="INFO" html="true">&lt;/td&gt;&lt;/tr&gt;&lt;tr&gt;&lt;td colspan="3"&gt;&lt;a href="browser/screenshot/fail-screenshot-1.png"&gt;&lt;img src="browser/screenshot/fail-screenshot-1.png" width="800px"&gt;&lt;/a&gt;</msg>
<msg timestamp="20231210 22:30:17.365" level="FAIL">Error: locator.click: Error: strict mode violation: "text="Overview"" resolved to 3 elements:
    1) &lt;span&gt;Overview&lt;/span&gt; aka playwright.$("[data-testid="sidebar-tab-OVERVIEW"] &gt;&gt; text=Overview")
    2) &lt;span&gt;Overview&lt;/span&gt; aka playwright.$("[data-testid="sidebar-tab-ACCOUNTING_OVERVIEW"] &gt;&gt; text=Overview")
    3) &lt;span&gt;Overview&lt;/span&gt; aka playwright.$("[data-testid="sidebar-tab-SALES_OVERVIEW"] &gt;&gt; text=Overview")

=========================== logs ===========================
waiting for selector "text="Overview""
  strict mode violation: "text="Overview"" resolved to 3 elements:
    1) &lt;span&gt;Overview&lt;/span&gt; aka playwright.$("[data-testid="sidebar-tab-OVERVIEW"] &gt;&gt; text=Overview")
    2) &lt;span&gt;Overview&lt;/span&gt; aka playwright.$("[data-testid="sidebar-tab-ACCOUNTING_OVERVIEW"] &gt;&gt; text=Overview")
    3) &lt;span&gt;Overview&lt;/span&gt; aka playwright.$("[data-testid="sidebar-tab-SALES_OVERVIEW"] &gt;&gt; text=Overview")

============================================================</msg>
<status status="FAIL" starttime="20231210 22:30:17.092" endtime="20231210 22:30:17.414"/>
</kw>
<status status="FAIL" starttime="20231210 22:30:17.092" endtime="20231210 22:30:17.415"/>
</branch>
<branch type="EXCEPT">
<kw name="Convert To Upper Case" library="String">
<var>${sub_menu}</var>
<arg>${sub_menu}</arg>
<doc>Converts string to upper case.</doc>
<msg timestamp="20231210 22:30:17.415" level="INFO">${sub_menu} = OVERVIEW</msg>
<status status="PASS" starttime="20231210 22:30:17.415" endtime="20231210 22:30:17.415"/>
</kw>
<kw name="Replace String" library="String">
<var>${sub_menu}</var>
<arg>${sub_menu}</arg>
<arg>${SPACE}</arg>
<arg>_</arg>
<doc>Replaces ``search_for`` in the given ``string`` with ``replace_with``.</doc>
<msg timestamp="20231210 22:30:17.416" level="INFO">${sub_menu} = OVERVIEW</msg>
<status status="PASS" starttime="20231210 22:30:17.415" endtime="20231210 22:30:17.416"/>
</kw>
<kw name="Click" library="RPA.Browser.Playwright">
<arg>xpath=//li[@data-testid="sidebar-tab-${sub_menu}"]</arg>
<tag>PageContent</tag>
<tag>Setter</tag>
<doc>Simulates mouse click on the element found by ``selector``.</doc>
<status status="PASS" starttime="20231210 22:30:17.416" endtime="20231210 22:30:17.656"/>
</kw>
<status status="PASS" starttime="20231210 22:30:17.415" endtime="20231210 22:30:17.656"/>
</branch>
<status status="PASS" starttime="20231210 22:30:17.092" endtime="20231210 22:30:17.656"/>
</try>
<status status="PASS" starttime="20231210 22:30:17.092" endtime="20231210 22:30:17.656"/>
</kw>
<kw name="Replace String" library="String">
<var>${sub_menu}</var>
<arg>${sub_menu}</arg>
<arg>${SPACE}</arg>
<arg>-</arg>
<doc>Replaces ``search_for`` in the given ``string`` with ``replace_with``.</doc>
<msg timestamp="20231210 22:30:17.657" level="INFO">${sub_menu} = Overview</msg>
<status status="PASS" starttime="20231210 22:30:17.656" endtime="20231210 22:30:17.657"/>
</kw>
<kw name="Set Variable" library="BuiltIn">
<var>${chart_name}</var>
<arg>${sub_menu}-charts</arg>
<doc>Returns the given values which can then be assigned to a variables.</doc>
<msg timestamp="20231210 22:30:17.657" level="INFO">${chart_name} = Overview-charts</msg>
<status status="PASS" starttime="20231210 22:30:17.657" endtime="20231210 22:30:17.657"/>
</kw>
<kw name="Run Keyword And Continue On Failure" library="BuiltIn">
<arg>Check dashboard loaded</arg>
<arg>@{${chart_name}}</arg>
<doc>Runs the keyword and continues execution even if a failure occurs.</doc>
<kw name="Check dashboard loaded">
<arg>@{${chart_name}}</arg>
<for flavor="IN">
<var>${chart}</var>
<value>@{charts}</value>
<iter>
<var name="${chart}">Revenue for Latest Month</var>
<kw name="Wait For Elements State" library="RPA.Browser.Playwright">
<arg>text="${chart}"</arg>
<arg>visible</arg>
<arg>timeout=1 min</arg>
<tag>PageContent</tag>
<tag>Wait</tag>
<doc>Waits for the element found by ``selector`` to satisfy state option.</doc>
<msg timestamp="20231210 22:30:43.819" level="INFO">Waited for Element with selector text="Revenue for Latest Month" at state visible</msg>
<status status="PASS" starttime="20231210 22:30:17.658" endtime="20231210 22:30:43.820"/>
</kw>
<status status="PASS" starttime="20231210 22:30:17.658" endtime="20231210 22:30:43.820"/>
</iter>
<iter>
<var name="${chart}">Expenses for Latest Month</var>
<kw name="Wait For Elements State" library="RPA.Browser.Playwright">
<arg>text="${chart}"</arg>
<arg>visible</arg>
<arg>timeout=1 min</arg>
<tag>PageContent</tag>
<tag>Wait</tag>
<doc>Waits for the element found by ``selector`` to satisfy state option.</doc>
<msg timestamp="20231210 22:30:43.915" level="INFO">Waited for Element with selector text="Expenses for Latest Month" at state visible</msg>
<status status="PASS" starttime="20231210 22:30:43.820" endtime="20231210 22:30:43.915"/>
</kw>
<status status="PASS" starttime="20231210 22:30:43.820" endtime="20231210 22:30:43.915"/>
</iter>
<iter>
<var name="${chart}">Gross Margin for Latest Month</var>
<kw name="Wait For Elements State" library="RPA.Browser.Playwright">
<arg>text="${chart}"</arg>
<arg>visible</arg>
<arg>timeout=1 min</arg>
<tag>PageContent</tag>
<tag>Wait</tag>
<doc>Waits for the element found by ``selector`` to satisfy state option.</doc>
<msg timestamp="20231210 22:30:43.928" level="INFO">Waited for Element with selector text="Gross Margin for Latest Month" at state visible</msg>
<status status="PASS" starttime="20231210 22:30:43.915" endtime="20231210 22:30:43.928"/>
</kw>
<status status="PASS" starttime="20231210 22:30:43.915" endtime="20231210 22:30:43.928"/>
</iter>
<iter>
<var name="${chart}">Average Margin per Shipment for Latest Month</var>
<kw name="Wait For Elements State" library="RPA.Browser.Playwright">
<arg>text="${chart}"</arg>
<arg>visible</arg>
<arg>timeout=1 min</arg>
<tag>PageContent</tag>
<tag>Wait</tag>
<doc>Waits for the element found by ``selector`` to satisfy state option.</doc>
<msg timestamp="20231210 22:30:43.951" level="INFO">Waited for Element with selector text="Average Margin per Shipment for Latest Month" at state visible</msg>
<status status="PASS" starttime="20231210 22:30:43.928" endtime="20231210 22:30:43.951"/>
</kw>
<status status="PASS" starttime="20231210 22:30:43.928" endtime="20231210 22:30:43.951"/>
</iter>
<iter>
<var name="${chart}">Shipment Volume for Latest Month</var>
<kw name="Wait For Elements State" library="RPA.Browser.Playwright">
<arg>text="${chart}"</arg>
<arg>visible</arg>
<arg>timeout=1 min</arg>
<tag>PageContent</tag>
<tag>Wait</tag>
<doc>Waits for the element found by ``selector`` to satisfy state option.</doc>
<msg timestamp="20231210 22:30:43.965" level="INFO">Waited for Element with selector text="Shipment Volume for Latest Month" at state visible</msg>
<status status="PASS" starttime="20231210 22:30:43.951" endtime="20231210 22:30:43.965"/>
</kw>
<status status="PASS" starttime="20231210 22:30:43.951" endtime="20231210 22:30:43.965"/>
</iter>
<iter>
<var name="${chart}">Files per Operator for Latest Month</var>
<kw name="Wait For Elements State" library="RPA.Browser.Playwright">
<arg>text="${chart}"</arg>
<arg>visible</arg>
<arg>timeout=1 min</arg>
<tag>PageContent</tag>
<tag>Wait</tag>
<doc>Waits for the element found by ``selector`` to satisfy state option.</doc>
<msg timestamp="20231210 22:30:43.984" level="INFO">Waited for Element with selector text="Files per Operator for Latest Month" at state visible</msg>
<status status="PASS" starttime="20231210 22:30:43.965" endtime="20231210 22:30:43.984"/>
</kw>
<status status="PASS" starttime="20231210 22:30:43.965" endtime="20231210 22:30:43.984"/>
</iter>
<iter>
<var name="${chart}">Margin (Net Profit) By Date Shipment Created</var>
<kw name="Wait For Elements State" library="RPA.Browser.Playwright">
<arg>text="${chart}"</arg>
<arg>visible</arg>
<arg>timeout=1 min</arg>
<tag>PageContent</tag>
<tag>Wait</tag>
<doc>Waits for the element found by ``selector`` to satisfy state option.</doc>
<msg timestamp="20231210 22:30:44.006" level="INFO">Waited for Element with selector text="Margin (Net Profit) By Date Shipment Created" at state visible</msg>
<status status="PASS" starttime="20231210 22:30:43.984" endtime="20231210 22:30:44.006"/>
</kw>
<status status="PASS" starttime="20231210 22:30:43.984" endtime="20231210 22:30:44.006"/>
</iter>
<iter>
<var name="${chart}">Margin Percent By Date Shipment Created</var>
<kw name="Wait For Elements State" library="RPA.Browser.Playwright">
<arg>text="${chart}"</arg>
<arg>visible</arg>
<arg>timeout=1 min</arg>
<tag>PageContent</tag>
<tag>Wait</tag>
<doc>Waits for the element found by ``selector`` to satisfy state option.</doc>
<msg timestamp="20231210 22:30:44.024" level="INFO">Waited for Element with selector text="Margin Percent By Date Shipment Created" at state visible</msg>
<status status="PASS" starttime="20231210 22:30:44.006" endtime="20231210 22:30:44.024"/>
</kw>
<status status="PASS" starttime="20231210 22:30:44.006" endtime="20231210 22:30:44.024"/>
</iter>
<iter>
<var name="${chart}">Revenue By Date Shipment Created</var>
<kw name="Wait For Elements State" library="RPA.Browser.Playwright">
<arg>text="${chart}"</arg>
<arg>visible</arg>
<arg>timeout=1 min</arg>
<tag>PageContent</tag>
<tag>Wait</tag>
<doc>Waits for the element found by ``selector`` to satisfy state option.</doc>
<msg timestamp="20231210 22:30:44.042" level="INFO">Waited for Element with selector text="Revenue By Date Shipment Created" at state visible</msg>
<status status="PASS" starttime="20231210 22:30:44.025" endtime="20231210 22:30:44.042"/>
</kw>
<status status="PASS" starttime="20231210 22:30:44.024" endtime="20231210 22:30:44.042"/>
</iter>
<iter>
<var name="${chart}">Expenses By Date Shipment Created</var>
<kw name="Wait For Elements State" library="RPA.Browser.Playwright">
<arg>text="${chart}"</arg>
<arg>visible</arg>
<arg>timeout=1 min</arg>
<tag>PageContent</tag>
<tag>Wait</tag>
<doc>Waits for the element found by ``selector`` to satisfy state option.</doc>
<msg timestamp="20231210 22:30:44.061" level="INFO">Waited for Element with selector text="Expenses By Date Shipment Created" at state visible</msg>
<status status="PASS" starttime="20231210 22:30:44.042" endtime="20231210 22:30:44.061"/>
</kw>
<status status="PASS" starttime="20231210 22:30:44.042" endtime="20231210 22:30:44.061"/>
</iter>
<iter>
<var name="${chart}">Shipment Volume By Date Shipment Created</var>
<kw name="Wait For Elements State" library="RPA.Browser.Playwright">
<arg>text="${chart}"</arg>
<arg>visible</arg>
<arg>timeout=1 min</arg>
<tag>PageContent</tag>
<tag>Wait</tag>
<doc>Waits for the element found by ``selector`` to satisfy state option.</doc>
<msg timestamp="20231210 22:30:44.079" level="INFO">Waited for Element with selector text="Shipment Volume By Date Shipment Created" at state visible</msg>
<status status="PASS" starttime="20231210 22:30:44.062" endtime="20231210 22:30:44.079"/>
</kw>
<status status="PASS" starttime="20231210 22:30:44.061" endtime="20231210 22:30:44.080"/>
</iter>
<iter>
<var name="${chart}">Shipments Per Milestone for Latest Month</var>
<kw name="Wait For Elements State" library="RPA.Browser.Playwright">
<arg>text="${chart}"</arg>
<arg>visible</arg>
<arg>timeout=1 min</arg>
<tag>PageContent</tag>
<tag>Wait</tag>
<doc>Waits for the element found by ``selector`` to satisfy state option.</doc>
<msg timestamp="20231210 22:30:44.100" level="INFO">Waited for Element with selector text="Shipments Per Milestone for Latest Month" at state visible</msg>
<status status="PASS" starttime="20231210 22:30:44.080" endtime="20231210 22:30:44.100"/>
</kw>
<status status="PASS" starttime="20231210 22:30:44.080" endtime="20231210 22:30:44.100"/>
</iter>
<iter>
<var name="${chart}">Top 20 Operators by Shipment Volume</var>
<kw name="Wait For Elements State" library="RPA.Browser.Playwright">
<arg>text="${chart}"</arg>
<arg>visible</arg>
<arg>timeout=1 min</arg>
<tag>PageContent</tag>
<tag>Wait</tag>
<doc>Waits for the element found by ``selector`` to satisfy state option.</doc>
<msg timestamp="20231210 22:30:44.113" level="INFO">Waited for Element with selector text="Top 20 Operators by Shipment Volume" at state visible</msg>
<status status="PASS" starttime="20231210 22:30:44.100" endtime="20231210 22:30:44.113"/>
</kw>
<status status="PASS" starttime="20231210 22:30:44.100" endtime="20231210 22:30:44.113"/>
</iter>
<iter>
<var name="${chart}">Top 20 Sales Reps by Net Profit</var>
<kw name="Wait For Elements State" library="RPA.Browser.Playwright">
<arg>text="${chart}"</arg>
<arg>visible</arg>
<arg>timeout=1 min</arg>
<tag>PageContent</tag>
<tag>Wait</tag>
<doc>Waits for the element found by ``selector`` to satisfy state option.</doc>
<msg timestamp="20231210 22:30:44.132" level="INFO">Waited for Element with selector text="Top 20 Sales Reps by Net Profit" at state visible</msg>
<status status="PASS" starttime="20231210 22:30:44.113" endtime="20231210 22:30:44.132"/>
</kw>
<status status="PASS" starttime="20231210 22:30:44.113" endtime="20231210 22:30:44.132"/>
</iter>
<iter>
<var name="${chart}">Net Profit for Most Recent 12 months vs Previous 12 months</var>
<kw name="Wait For Elements State" library="RPA.Browser.Playwright">
<arg>text="${chart}"</arg>
<arg>visible</arg>
<arg>timeout=1 min</arg>
<tag>PageContent</tag>
<tag>Wait</tag>
<doc>Waits for the element found by ``selector`` to satisfy state option.</doc>
<msg timestamp="20231210 22:30:44.147" level="INFO">Waited for Element with selector text="Net Profit for Most Recent 12 months vs Previous 12 months" at state visible</msg>
<status status="PASS" starttime="20231210 22:30:44.132" endtime="20231210 22:30:44.147"/>
</kw>
<status status="PASS" starttime="20231210 22:30:44.132" endtime="20231210 22:30:44.147"/>
</iter>
<iter>
<var name="${chart}">Order to Cash Cycle in Days</var>
<kw name="Wait For Elements State" library="RPA.Browser.Playwright">
<arg>text="${chart}"</arg>
<arg>visible</arg>
<arg>timeout=1 min</arg>
<tag>PageContent</tag>
<tag>Wait</tag>
<doc>Waits for the element found by ``selector`` to satisfy state option.</doc>
<msg timestamp="20231210 22:30:44.163" level="INFO">Waited for Element with selector text="Order to Cash Cycle in Days" at state visible</msg>
<status status="PASS" starttime="20231210 22:30:44.147" endtime="20231210 22:30:44.163"/>
</kw>
<status status="PASS" starttime="20231210 22:30:44.147" endtime="20231210 22:30:44.163"/>
</iter>
<status status="PASS" starttime="20231210 22:30:17.657" endtime="20231210 22:30:44.163"/>
</for>
<status status="PASS" starttime="20231210 22:30:17.657" endtime="20231210 22:30:44.163"/>
</kw>
<status status="PASS" starttime="20231210 22:30:17.657" endtime="20231210 22:30:44.163"/>
</kw>
<status status="PASS" starttime="20231210 22:30:17.092" endtime="20231210 22:30:44.163"/>
</kw>
<status status="PASS" starttime="20231210 22:30:17.092" endtime="20231210 22:30:44.163"/>
</kw>
<status status="PASS" starttime="20231210 22:30:17.091" endtime="20231210 22:30:44.163"/>
</iter>
<iter>
<var name="${sub_menu}">Account Overview</var>
<kw name="Run Keyword And Continue On Failure" library="BuiltIn">
<arg>Check charts</arg>
<arg>${sub_menu}</arg>
<doc>Runs the keyword and continues execution even if a failure occurs.</doc>
<kw name="Check charts">
<arg>${sub_menu}</arg>
<kw name="Click on sub-menu">
<arg>${sub_menu}</arg>
<try>
<branch type="TRY">
<kw name="Click" library="RPA.Browser.Playwright">
<arg>text="${sub_menu}"</arg>
<tag>PageContent</tag>
<tag>Setter</tag>
<doc>Simulates mouse click on the element found by ``selector``.</doc>
<status status="PASS" starttime="20231210 22:30:44.164" endtime="20231210 22:30:44.507"/>
</kw>
<status status="PASS" starttime="20231210 22:30:44.164" endtime="20231210 22:30:44.507"/>
</branch>
<branch type="EXCEPT">
<kw name="Convert To Upper Case" library="String">
<var>${sub_menu}</var>
<arg>${sub_menu}</arg>
<doc>Converts string to upper case.</doc>
<status status="NOT RUN" starttime="20231210 22:30:44.507" endtime="20231210 22:30:44.507"/>
</kw>
<kw name="Replace String" library="String">
<var>${sub_menu}</var>
<arg>${sub_menu}</arg>
<arg>${SPACE}</arg>
<arg>_</arg>
<doc>Replaces ``search_for`` in the given ``string`` with ``replace_with``.</doc>
<status status="NOT RUN" starttime="20231210 22:30:44.507" endtime="20231210 22:30:44.507"/>
</kw>
<kw name="Click" library="RPA.Browser.Playwright">
<arg>xpath=//li[@data-testid="sidebar-tab-${sub_menu}"]</arg>
<tag>PageContent</tag>
<tag>Setter</tag>
<doc>Simulates mouse click on the element found by ``selector``.</doc>
<status status="NOT RUN" starttime="20231210 22:30:44.507" endtime="20231210 22:30:44.507"/>
</kw>
<status status="NOT RUN" starttime="20231210 22:30:44.507" endtime="20231210 22:30:44.507"/>
</branch>
<status status="PASS" starttime="20231210 22:30:44.164" endtime="20231210 22:30:44.507"/>
</try>
<status status="PASS" starttime="20231210 22:30:44.164" endtime="20231210 22:30:44.508"/>
</kw>
<kw name="Replace String" library="String">
<var>${sub_menu}</var>
<arg>${sub_menu}</arg>
<arg>${SPACE}</arg>
<arg>-</arg>
<doc>Replaces ``search_for`` in the given ``string`` with ``replace_with``.</doc>
<msg timestamp="20231210 22:30:44.508" level="INFO">${sub_menu} = Account-Overview</msg>
<status status="PASS" starttime="20231210 22:30:44.508" endtime="20231210 22:30:44.508"/>
</kw>
<kw name="Set Variable" library="BuiltIn">
<var>${chart_name}</var>
<arg>${sub_menu}-charts</arg>
<doc>Returns the given values which can then be assigned to a variables.</doc>
<msg timestamp="20231210 22:30:44.508" level="INFO">${chart_name} = Account-Overview-charts</msg>
<status status="PASS" starttime="20231210 22:30:44.508" endtime="20231210 22:30:44.508"/>
</kw>
<kw name="Run Keyword And Continue On Failure" library="BuiltIn">
<arg>Check dashboard loaded</arg>
<arg>@{${chart_name}}</arg>
<doc>Runs the keyword and continues execution even if a failure occurs.</doc>
<kw name="Check dashboard loaded">
<arg>@{${chart_name}}</arg>
<for flavor="IN">
<var>${chart}</var>
<value>@{charts}</value>
<iter>
<var name="${chart}">Margin (Net Profit) By Account</var>
<kw name="Wait For Elements State" library="RPA.Browser.Playwright">
<arg>text="${chart}"</arg>
<arg>visible</arg>
<arg>timeout=1 min</arg>
<tag>PageContent</tag>
<tag>Wait</tag>
<doc>Waits for the element found by ``selector`` to satisfy state option.</doc>
<msg timestamp="20231210 22:30:54.094" level="INFO">Waited for Element with selector text="Margin (Net Profit) By Account" at state visible</msg>
<status status="PASS" starttime="20231210 22:30:44.509" endtime="20231210 22:30:54.094"/>
</kw>
<status status="PASS" starttime="20231210 22:30:44.509" endtime="20231210 22:30:54.094"/>
</iter>
<iter>
<var name="${chart}">Margin Percent By Account</var>
<kw name="Wait For Elements State" library="RPA.Browser.Playwright">
<arg>text="${chart}"</arg>
<arg>visible</arg>
<arg>timeout=1 min</arg>
<tag>PageContent</tag>
<tag>Wait</tag>
<doc>Waits for the element found by ``selector`` to satisfy state option.</doc>
<msg timestamp="20231210 22:30:54.106" level="INFO">Waited for Element with selector text="Margin Percent By Account" at state visible</msg>
<status status="PASS" starttime="20231210 22:30:54.095" endtime="20231210 22:30:54.107"/>
</kw>
<status status="PASS" starttime="20231210 22:30:54.095" endtime="20231210 22:30:54.107"/>
</iter>
<iter>
<var name="${chart}">Revenue By Account</var>
<kw name="Wait For Elements State" library="RPA.Browser.Playwright">
<arg>text="${chart}"</arg>
<arg>visible</arg>
<arg>timeout=1 min</arg>
<tag>PageContent</tag>
<tag>Wait</tag>
<doc>Waits for the element found by ``selector`` to satisfy state option.</doc>
<msg timestamp="20231210 22:30:54.115" level="INFO">Waited for Element with selector text="Revenue By Account" at state visible</msg>
<status status="PASS" starttime="20231210 22:30:54.107" endtime="20231210 22:30:54.115"/>
</kw>
<status status="PASS" starttime="20231210 22:30:54.107" endtime="20231210 22:30:54.115"/>
</iter>
<iter>
<var name="${chart}">Expenses By Account</var>
<kw name="Wait For Elements State" library="RPA.Browser.Playwright">
<arg>text="${chart}"</arg>
<arg>visible</arg>
<arg>timeout=1 min</arg>
<tag>PageContent</tag>
<tag>Wait</tag>
<doc>Waits for the element found by ``selector`` to satisfy state option.</doc>
<msg timestamp="20231210 22:30:54.125" level="INFO">Waited for Element with selector text="Expenses By Account" at state visible</msg>
<status status="PASS" starttime="20231210 22:30:54.116" endtime="20231210 22:30:54.126"/>
</kw>
<status status="PASS" starttime="20231210 22:30:54.115" endtime="20231210 22:30:54.126"/>
</iter>
<iter>
<var name="${chart}">Shipment Volume By Account</var>
<kw name="Wait For Elements State" library="RPA.Browser.Playwright">
<arg>text="${chart}"</arg>
<arg>visible</arg>
<arg>timeout=1 min</arg>
<tag>PageContent</tag>
<tag>Wait</tag>
<doc>Waits for the element found by ``selector`` to satisfy state option.</doc>
<msg timestamp="20231210 22:30:54.134" level="INFO">Waited for Element with selector text="Shipment Volume By Account" at state visible</msg>
<status status="PASS" starttime="20231210 22:30:54.126" endtime="20231210 22:30:54.134"/>
</kw>
<status status="PASS" starttime="20231210 22:30:54.126" endtime="20231210 22:30:54.134"/>
</iter>
<status status="PASS" starttime="20231210 22:30:44.509" endtime="20231210 22:30:54.134"/>
</for>
<status status="PASS" starttime="20231210 22:30:44.509" endtime="20231210 22:30:54.134"/>
</kw>
<status status="PASS" starttime="20231210 22:30:44.508" endtime="20231210 22:30:54.135"/>
</kw>
<status status="PASS" starttime="20231210 22:30:44.164" endtime="20231210 22:30:54.135"/>
</kw>
<status status="PASS" starttime="20231210 22:30:44.163" endtime="20231210 22:30:54.135"/>
</kw>
<status status="PASS" starttime="20231210 22:30:44.163" endtime="20231210 22:30:54.135"/>
</iter>
<iter>
<var name="${sub_menu}">Branch Overview</var>
<kw name="Run Keyword And Continue On Failure" library="BuiltIn">
<arg>Check charts</arg>
<arg>${sub_menu}</arg>
<doc>Runs the keyword and continues execution even if a failure occurs.</doc>
<kw name="Check charts">
<arg>${sub_menu}</arg>
<kw name="Click on sub-menu">
<arg>${sub_menu}</arg>
<try>
<branch type="TRY">
<kw name="Click" library="RPA.Browser.Playwright">
<arg>text="${sub_menu}"</arg>
<tag>PageContent</tag>
<tag>Setter</tag>
<doc>Simulates mouse click on the element found by ``selector``.</doc>
<status status="PASS" starttime="20231210 22:30:54.135" endtime="20231210 22:30:54.408"/>
</kw>
<status status="PASS" starttime="20231210 22:30:54.135" endtime="20231210 22:30:54.408"/>
</branch>
<branch type="EXCEPT">
<kw name="Convert To Upper Case" library="String">
<var>${sub_menu}</var>
<arg>${sub_menu}</arg>
<doc>Converts string to upper case.</doc>
<status status="NOT RUN" starttime="20231210 22:30:54.408" endtime="20231210 22:30:54.408"/>
</kw>
<kw name="Replace String" library="String">
<var>${sub_menu}</var>
<arg>${sub_menu}</arg>
<arg>${SPACE}</arg>
<arg>_</arg>
<doc>Replaces ``search_for`` in the given ``string`` with ``replace_with``.</doc>
<status status="NOT RUN" starttime="20231210 22:30:54.409" endtime="20231210 22:30:54.409"/>
</kw>
<kw name="Click" library="RPA.Browser.Playwright">
<arg>xpath=//li[@data-testid="sidebar-tab-${sub_menu}"]</arg>
<tag>PageContent</tag>
<tag>Setter</tag>
<doc>Simulates mouse click on the element found by ``selector``.</doc>
<status status="NOT RUN" starttime="20231210 22:30:54.409" endtime="20231210 22:30:54.409"/>
</kw>
<status status="NOT RUN" starttime="20231210 22:30:54.408" endtime="20231210 22:30:54.409"/>
</branch>
<status status="PASS" starttime="20231210 22:30:54.135" endtime="20231210 22:30:54.409"/>
</try>
<status status="PASS" starttime="20231210 22:30:54.135" endtime="20231210 22:30:54.409"/>
</kw>
<kw name="Replace String" library="String">
<var>${sub_menu}</var>
<arg>${sub_menu}</arg>
<arg>${SPACE}</arg>
<arg>-</arg>
<doc>Replaces ``search_for`` in the given ``string`` with ``replace_with``.</doc>
<msg timestamp="20231210 22:30:54.409" level="INFO">${sub_menu} = Branch-Overview</msg>
<status status="PASS" starttime="20231210 22:30:54.409" endtime="20231210 22:30:54.409"/>
</kw>
<kw name="Set Variable" library="BuiltIn">
<var>${chart_name}</var>
<arg>${sub_menu}-charts</arg>
<doc>Returns the given values which can then be assigned to a variables.</doc>
<msg timestamp="20231210 22:30:54.410" level="INFO">${chart_name} = Branch-Overview-charts</msg>
<status status="PASS" starttime="20231210 22:30:54.410" endtime="20231210 22:30:54.410"/>
</kw>
<kw name="Run Keyword And Continue On Failure" library="BuiltIn">
<arg>Check dashboard loaded</arg>
<arg>@{${chart_name}}</arg>
<doc>Runs the keyword and continues execution even if a failure occurs.</doc>
<kw name="Check dashboard loaded">
<arg>@{${chart_name}}</arg>
<for flavor="IN">
<var>${chart}</var>
<value>@{charts}</value>
<iter>
<var name="${chart}">Margin (Net Profit) By Branch</var>
<kw name="Wait For Elements State" library="RPA.Browser.Playwright">
<arg>text="${chart}"</arg>
<arg>visible</arg>
<arg>timeout=1 min</arg>
<tag>PageContent</tag>
<tag>Wait</tag>
<doc>Waits for the element found by ``selector`` to satisfy state option.</doc>
<msg timestamp="20231210 22:31:12.444" level="INFO">Waited for Element with selector text="Margin (Net Profit) By Branch" at state visible</msg>
<status status="PASS" starttime="20231210 22:30:54.411" endtime="20231210 22:31:12.445"/>
</kw>
<status status="PASS" starttime="20231210 22:30:54.410" endtime="20231210 22:31:12.445"/>
</iter>
<iter>
<var name="${chart}">Margin Percent By Branch</var>
<kw name="Wait For Elements State" library="RPA.Browser.Playwright">
<arg>text="${chart}"</arg>
<arg>visible</arg>
<arg>timeout=1 min</arg>
<tag>PageContent</tag>
<tag>Wait</tag>
<doc>Waits for the element found by ``selector`` to satisfy state option.</doc>
<msg timestamp="20231210 22:31:12.612" level="INFO">Waited for Element with selector text="Margin Percent By Branch" at state visible</msg>
<status status="PASS" starttime="20231210 22:31:12.445" endtime="20231210 22:31:12.612"/>
</kw>
<status status="PASS" starttime="20231210 22:31:12.445" endtime="20231210 22:31:12.612"/>
</iter>
<iter>
<var name="${chart}">Revenue By Branch</var>
<kw name="Wait For Elements State" library="RPA.Browser.Playwright">
<arg>text="${chart}"</arg>
<arg>visible</arg>
<arg>timeout=1 min</arg>
<tag>PageContent</tag>
<tag>Wait</tag>
<doc>Waits for the element found by ``selector`` to satisfy state option.</doc>
<msg timestamp="20231210 22:31:12.656" level="INFO">Waited for Element with selector text="Revenue By Branch" at state visible</msg>
<status status="PASS" starttime="20231210 22:31:12.613" endtime="20231210 22:31:12.656"/>
</kw>
<status status="PASS" starttime="20231210 22:31:12.613" endtime="20231210 22:31:12.656"/>
</iter>
<iter>
<var name="${chart}">Expenses By Branch</var>
<kw name="Wait For Elements State" library="RPA.Browser.Playwright">
<arg>text="${chart}"</arg>
<arg>visible</arg>
<arg>timeout=1 min</arg>
<tag>PageContent</tag>
<tag>Wait</tag>
<doc>Waits for the element found by ``selector`` to satisfy state option.</doc>
<msg timestamp="20231210 22:31:12.707" level="INFO">Waited for Element with selector text="Expenses By Branch" at state visible</msg>
<status status="PASS" starttime="20231210 22:31:12.656" endtime="20231210 22:31:12.707"/>
</kw>
<status status="PASS" starttime="20231210 22:31:12.656" endtime="20231210 22:31:12.708"/>
</iter>
<iter>
<var name="${chart}">Shipment Volume By Branch</var>
<kw name="Wait For Elements State" library="RPA.Browser.Playwright">
<arg>text="${chart}"</arg>
<arg>visible</arg>
<arg>timeout=1 min</arg>
<tag>PageContent</tag>
<tag>Wait</tag>
<doc>Waits for the element found by ``selector`` to satisfy state option.</doc>
<msg timestamp="20231210 22:31:12.735" level="INFO">Waited for Element with selector text="Shipment Volume By Branch" at state visible</msg>
<status status="PASS" starttime="20231210 22:31:12.708" endtime="20231210 22:31:12.735"/>
</kw>
<status status="PASS" starttime="20231210 22:31:12.708" endtime="20231210 22:31:12.735"/>
</iter>
<iter>
<var name="${chart}">Milestones By Branch for Latest Month (2023 Nov)</var>
<kw name="Wait For Elements State" library="RPA.Browser.Playwright">
<arg>text="${chart}"</arg>
<arg>visible</arg>
<arg>timeout=1 min</arg>
<tag>PageContent</tag>
<tag>Wait</tag>
<doc>Waits for the element found by ``selector`` to satisfy state option.</doc>
<msg timestamp="20231210 22:31:12.770" level="INFO">Waited for Element with selector text="Milestones By Branch for Latest Month (2023 Nov)" at state visible</msg>
<status status="PASS" starttime="20231210 22:31:12.735" endtime="20231210 22:31:12.771"/>
</kw>
<status status="PASS" starttime="20231210 22:31:12.735" endtime="20231210 22:31:12.771"/>
</iter>
<iter>
<var name="${chart}">Shipments per Operator By Branch</var>
<kw name="Wait For Elements State" library="RPA.Browser.Playwright">
<arg>text="${chart}"</arg>
<arg>visible</arg>
<arg>timeout=1 min</arg>
<tag>PageContent</tag>
<tag>Wait</tag>
<doc>Waits for the element found by ``selector`` to satisfy state option.</doc>
<msg timestamp="20231210 22:31:12.809" level="INFO">Waited for Element with selector text="Shipments per Operator By Branch" at state visible</msg>
<status status="PASS" starttime="20231210 22:31:12.771" endtime="20231210 22:31:12.809"/>
</kw>
<status status="PASS" starttime="20231210 22:31:12.771" endtime="20231210 22:31:12.809"/>
</iter>
<status status="PASS" starttime="20231210 22:30:54.410" endtime="20231210 22:31:12.809"/>
</for>
<status status="PASS" starttime="20231210 22:30:54.410" endtime="20231210 22:31:12.809"/>
</kw>
<status status="PASS" starttime="20231210 22:30:54.410" endtime="20231210 22:31:12.809"/>
</kw>
<status status="PASS" starttime="20231210 22:30:54.135" endtime="20231210 22:31:12.809"/>
</kw>
<status status="PASS" starttime="20231210 22:30:54.135" endtime="20231210 22:31:12.809"/>
</kw>
<status status="PASS" starttime="20231210 22:30:54.135" endtime="20231210 22:31:12.809"/>
</iter>
<iter>
<var name="${sub_menu}">Department Overview</var>
<kw name="Run Keyword And Continue On Failure" library="BuiltIn">
<arg>Check charts</arg>
<arg>${sub_menu}</arg>
<doc>Runs the keyword and continues execution even if a failure occurs.</doc>
<kw name="Check charts">
<arg>${sub_menu}</arg>
<kw name="Click on sub-menu">
<arg>${sub_menu}</arg>
<try>
<branch type="TRY">
<kw name="Click" library="RPA.Browser.Playwright">
<arg>text="${sub_menu}"</arg>
<tag>PageContent</tag>
<tag>Setter</tag>
<doc>Simulates mouse click on the element found by ``selector``.</doc>
<status status="PASS" starttime="20231210 22:31:12.810" endtime="20231210 22:31:13.175"/>
</kw>
<status status="PASS" starttime="20231210 22:31:12.810" endtime="20231210 22:31:13.175"/>
</branch>
<branch type="EXCEPT">
<kw name="Convert To Upper Case" library="String">
<var>${sub_menu}</var>
<arg>${sub_menu}</arg>
<doc>Converts string to upper case.</doc>
<status status="NOT RUN" starttime="20231210 22:31:13.175" endtime="20231210 22:31:13.175"/>
</kw>
<kw name="Replace String" library="String">
<var>${sub_menu}</var>
<arg>${sub_menu}</arg>
<arg>${SPACE}</arg>
<arg>_</arg>
<doc>Replaces ``search_for`` in the given ``string`` with ``replace_with``.</doc>
<status status="NOT RUN" starttime="20231210 22:31:13.175" endtime="20231210 22:31:13.175"/>
</kw>
<kw name="Click" library="RPA.Browser.Playwright">
<arg>xpath=//li[@data-testid="sidebar-tab-${sub_menu}"]</arg>
<tag>PageContent</tag>
<tag>Setter</tag>
<doc>Simulates mouse click on the element found by ``selector``.</doc>
<status status="NOT RUN" starttime="20231210 22:31:13.176" endtime="20231210 22:31:13.176"/>
</kw>
<status status="NOT RUN" starttime="20231210 22:31:13.175" endtime="20231210 22:31:13.176"/>
</branch>
<status status="PASS" starttime="20231210 22:31:12.810" endtime="20231210 22:31:13.176"/>
</try>
<status status="PASS" starttime="20231210 22:31:12.810" endtime="20231210 22:31:13.176"/>
</kw>
<kw name="Replace String" library="String">
<var>${sub_menu}</var>
<arg>${sub_menu}</arg>
<arg>${SPACE}</arg>
<arg>-</arg>
<doc>Replaces ``search_for`` in the given ``string`` with ``replace_with``.</doc>
<msg timestamp="20231210 22:31:13.176" level="INFO">${sub_menu} = Department-Overview</msg>
<status status="PASS" starttime="20231210 22:31:13.176" endtime="20231210 22:31:13.176"/>
</kw>
<kw name="Set Variable" library="BuiltIn">
<var>${chart_name}</var>
<arg>${sub_menu}-charts</arg>
<doc>Returns the given values which can then be assigned to a variables.</doc>
<msg timestamp="20231210 22:31:13.177" level="INFO">${chart_name} = Department-Overview-charts</msg>
<status status="PASS" starttime="20231210 22:31:13.176" endtime="20231210 22:31:13.177"/>
</kw>
<kw name="Run Keyword And Continue On Failure" library="BuiltIn">
<arg>Check dashboard loaded</arg>
<arg>@{${chart_name}}</arg>
<doc>Runs the keyword and continues execution even if a failure occurs.</doc>
<kw name="Check dashboard loaded">
<arg>@{${chart_name}}</arg>
<for flavor="IN">
<var>${chart}</var>
<value>@{charts}</value>
<iter>
<var name="${chart}">Margin (Net Profit) By Department</var>
<kw name="Wait For Elements State" library="RPA.Browser.Playwright">
<arg>text="${chart}"</arg>
<arg>visible</arg>
<arg>timeout=1 min</arg>
<tag>PageContent</tag>
<tag>Wait</tag>
<doc>Waits for the element found by ``selector`` to satisfy state option.</doc>
<msg timestamp="20231210 22:31:23.361" level="INFO">Waited for Element with selector text="Margin (Net Profit) By Department" at state visible</msg>
<status status="PASS" starttime="20231210 22:31:13.177" endtime="20231210 22:31:23.361"/>
</kw>
<status status="PASS" starttime="20231210 22:31:13.177" endtime="20231210 22:31:23.361"/>
</iter>
<iter>
<var name="${chart}">Margin Percent By Department</var>
<kw name="Wait For Elements State" library="RPA.Browser.Playwright">
<arg>text="${chart}"</arg>
<arg>visible</arg>
<arg>timeout=1 min</arg>
<tag>PageContent</tag>
<tag>Wait</tag>
<doc>Waits for the element found by ``selector`` to satisfy state option.</doc>
<msg timestamp="20231210 22:31:23.381" level="INFO">Waited for Element with selector text="Margin Percent By Department" at state visible</msg>
<status status="PASS" starttime="20231210 22:31:23.361" endtime="20231210 22:31:23.381"/>
</kw>
<status status="PASS" starttime="20231210 22:31:23.361" endtime="20231210 22:31:23.381"/>
</iter>
<iter>
<var name="${chart}">Revenue By Department</var>
<kw name="Wait For Elements State" library="RPA.Browser.Playwright">
<arg>text="${chart}"</arg>
<arg>visible</arg>
<arg>timeout=1 min</arg>
<tag>PageContent</tag>
<tag>Wait</tag>
<doc>Waits for the element found by ``selector`` to satisfy state option.</doc>
<msg timestamp="20231210 22:31:23.392" level="INFO">Waited for Element with selector text="Revenue By Department" at state visible</msg>
<status status="PASS" starttime="20231210 22:31:23.381" endtime="20231210 22:31:23.392"/>
</kw>
<status status="PASS" starttime="20231210 22:31:23.381" endtime="20231210 22:31:23.392"/>
</iter>
<iter>
<var name="${chart}">Expenses By Department</var>
<kw name="Wait For Elements State" library="RPA.Browser.Playwright">
<arg>text="${chart}"</arg>
<arg>visible</arg>
<arg>timeout=1 min</arg>
<tag>PageContent</tag>
<tag>Wait</tag>
<doc>Waits for the element found by ``selector`` to satisfy state option.</doc>
<msg timestamp="20231210 22:31:23.402" level="INFO">Waited for Element with selector text="Expenses By Department" at state visible</msg>
<status status="PASS" starttime="20231210 22:31:23.393" endtime="20231210 22:31:23.402"/>
</kw>
<status status="PASS" starttime="20231210 22:31:23.392" endtime="20231210 22:31:23.403"/>
</iter>
<iter>
<var name="${chart}">Shipment Volume By Department</var>
<kw name="Wait For Elements State" library="RPA.Browser.Playwright">
<arg>text="${chart}"</arg>
<arg>visible</arg>
<arg>timeout=1 min</arg>
<tag>PageContent</tag>
<tag>Wait</tag>
<doc>Waits for the element found by ``selector`` to satisfy state option.</doc>
<msg timestamp="20231210 22:31:23.414" level="INFO">Waited for Element with selector text="Shipment Volume By Department" at state visible</msg>
<status status="PASS" starttime="20231210 22:31:23.403" endtime="20231210 22:31:23.414"/>
</kw>
<status status="PASS" starttime="20231210 22:31:23.403" endtime="20231210 22:31:23.414"/>
</iter>
<status status="PASS" starttime="20231210 22:31:13.177" endtime="20231210 22:31:23.414"/>
</for>
<status status="PASS" starttime="20231210 22:31:13.177" endtime="20231210 22:31:23.414"/>
</kw>
<status status="PASS" starttime="20231210 22:31:13.177" endtime="20231210 22:31:23.414"/>
</kw>
<status status="PASS" starttime="20231210 22:31:12.810" endtime="20231210 22:31:23.414"/>
</kw>
<status status="PASS" starttime="20231210 22:31:12.810" endtime="20231210 22:31:23.414"/>
</kw>
<status status="PASS" starttime="20231210 22:31:12.809" endtime="20231210 22:31:23.414"/>
</iter>
<iter>
<var name="${sub_menu}">Most Profitable Routes</var>
<kw name="Run Keyword And Continue On Failure" library="BuiltIn">
<arg>Check charts</arg>
<arg>${sub_menu}</arg>
<doc>Runs the keyword and continues execution even if a failure occurs.</doc>
<kw name="Check charts">
<arg>${sub_menu}</arg>
<kw name="Click on sub-menu">
<arg>${sub_menu}</arg>
<try>
<branch type="TRY">
<kw name="Click" library="RPA.Browser.Playwright">
<arg>text="${sub_menu}"</arg>
<tag>PageContent</tag>
<tag>Setter</tag>
<doc>Simulates mouse click on the element found by ``selector``.</doc>
<status status="PASS" starttime="20231210 22:31:23.415" endtime="20231210 22:31:23.679"/>
</kw>
<status status="PASS" starttime="20231210 22:31:23.415" endtime="20231210 22:31:23.679"/>
</branch>
<branch type="EXCEPT">
<kw name="Convert To Upper Case" library="String">
<var>${sub_menu}</var>
<arg>${sub_menu}</arg>
<doc>Converts string to upper case.</doc>
<status status="NOT RUN" starttime="20231210 22:31:23.680" endtime="20231210 22:31:23.680"/>
</kw>
<kw name="Replace String" library="String">
<var>${sub_menu}</var>
<arg>${sub_menu}</arg>
<arg>${SPACE}</arg>
<arg>_</arg>
<doc>Replaces ``search_for`` in the given ``string`` with ``replace_with``.</doc>
<status status="NOT RUN" starttime="20231210 22:31:23.680" endtime="20231210 22:31:23.680"/>
</kw>
<kw name="Click" library="RPA.Browser.Playwright">
<arg>xpath=//li[@data-testid="sidebar-tab-${sub_menu}"]</arg>
<tag>PageContent</tag>
<tag>Setter</tag>
<doc>Simulates mouse click on the element found by ``selector``.</doc>
<status status="NOT RUN" starttime="20231210 22:31:23.680" endtime="20231210 22:31:23.680"/>
</kw>
<status status="NOT RUN" starttime="20231210 22:31:23.679" endtime="20231210 22:31:23.680"/>
</branch>
<status status="PASS" starttime="20231210 22:31:23.415" endtime="20231210 22:31:23.680"/>
</try>
<status status="PASS" starttime="20231210 22:31:23.415" endtime="20231210 22:31:23.680"/>
</kw>
<kw name="Replace String" library="String">
<var>${sub_menu}</var>
<arg>${sub_menu}</arg>
<arg>${SPACE}</arg>
<arg>-</arg>
<doc>Replaces ``search_for`` in the given ``string`` with ``replace_with``.</doc>
<msg timestamp="20231210 22:31:23.680" level="INFO">${sub_menu} = Most-Profitable-Routes</msg>
<status status="PASS" starttime="20231210 22:31:23.680" endtime="20231210 22:31:23.680"/>
</kw>
<kw name="Set Variable" library="BuiltIn">
<var>${chart_name}</var>
<arg>${sub_menu}-charts</arg>
<doc>Returns the given values which can then be assigned to a variables.</doc>
<msg timestamp="20231210 22:31:23.681" level="INFO">${chart_name} = Most-Profitable-Routes-charts</msg>
<status status="PASS" starttime="20231210 22:31:23.680" endtime="20231210 22:31:23.681"/>
</kw>
<kw name="Run Keyword And Continue On Failure" library="BuiltIn">
<arg>Check dashboard loaded</arg>
<arg>@{${chart_name}}</arg>
<doc>Runs the keyword and continues execution even if a failure occurs.</doc>
<kw name="Check dashboard loaded">
<arg>@{${chart_name}}</arg>
<for flavor="IN">
<var>${chart}</var>
<value>@{charts}</value>
<iter>
<var name="${chart}">Top 20 Most Profitable Routes</var>
<kw name="Wait For Elements State" library="RPA.Browser.Playwright">
<arg>text="${chart}"</arg>
<arg>visible</arg>
<arg>timeout=1 min</arg>
<tag>PageContent</tag>
<tag>Wait</tag>
<doc>Waits for the element found by ``selector`` to satisfy state option.</doc>
<msg timestamp="20231210 22:31:31.144" level="INFO">Waited for Element with selector text="Top 20 Most Profitable Routes" at state visible</msg>
<status status="PASS" starttime="20231210 22:31:23.681" endtime="20231210 22:31:31.144"/>
</kw>
<status status="PASS" starttime="20231210 22:31:23.681" endtime="20231210 22:31:31.145"/>
</iter>
<status status="PASS" starttime="20231210 22:31:23.681" endtime="20231210 22:31:31.145"/>
</for>
<status status="PASS" starttime="20231210 22:31:23.681" endtime="20231210 22:31:31.145"/>
</kw>
<status status="PASS" starttime="20231210 22:31:23.681" endtime="20231210 22:31:31.145"/>
</kw>
<status status="PASS" starttime="20231210 22:31:23.415" endtime="20231210 22:31:31.145"/>
</kw>
<status status="PASS" starttime="20231210 22:31:23.415" endtime="20231210 22:31:31.145"/>
</kw>
<status status="PASS" starttime="20231210 22:31:23.415" endtime="20231210 22:31:31.145"/>
</iter>
<iter>
<var name="${sub_menu}">Top Expenses</var>
<kw name="Run Keyword And Continue On Failure" library="BuiltIn">
<arg>Check charts</arg>
<arg>${sub_menu}</arg>
<doc>Runs the keyword and continues execution even if a failure occurs.</doc>
<kw name="Check charts">
<arg>${sub_menu}</arg>
<kw name="Click on sub-menu">
<arg>${sub_menu}</arg>
<try>
<branch type="TRY">
<kw name="Click" library="RPA.Browser.Playwright">
<arg>text="${sub_menu}"</arg>
<tag>PageContent</tag>
<tag>Setter</tag>
<doc>Simulates mouse click on the element found by ``selector``.</doc>
<status status="PASS" starttime="20231210 22:31:31.146" endtime="20231210 22:31:31.400"/>
</kw>
<status status="PASS" starttime="20231210 22:31:31.146" endtime="20231210 22:31:31.400"/>
</branch>
<branch type="EXCEPT">
<kw name="Convert To Upper Case" library="String">
<var>${sub_menu}</var>
<arg>${sub_menu}</arg>
<doc>Converts string to upper case.</doc>
<status status="NOT RUN" starttime="20231210 22:31:31.400" endtime="20231210 22:31:31.401"/>
</kw>
<kw name="Replace String" library="String">
<var>${sub_menu}</var>
<arg>${sub_menu}</arg>
<arg>${SPACE}</arg>
<arg>_</arg>
<doc>Replaces ``search_for`` in the given ``string`` with ``replace_with``.</doc>
<status status="NOT RUN" starttime="20231210 22:31:31.401" endtime="20231210 22:31:31.401"/>
</kw>
<kw name="Click" library="RPA.Browser.Playwright">
<arg>xpath=//li[@data-testid="sidebar-tab-${sub_menu}"]</arg>
<tag>PageContent</tag>
<tag>Setter</tag>
<doc>Simulates mouse click on the element found by ``selector``.</doc>
<status status="NOT RUN" starttime="20231210 22:31:31.401" endtime="20231210 22:31:31.401"/>
</kw>
<status status="NOT RUN" starttime="20231210 22:31:31.400" endtime="20231210 22:31:31.401"/>
</branch>
<status status="PASS" starttime="20231210 22:31:31.146" endtime="20231210 22:31:31.401"/>
</try>
<status status="PASS" starttime="20231210 22:31:31.146" endtime="20231210 22:31:31.401"/>
</kw>
<kw name="Replace String" library="String">
<var>${sub_menu}</var>
<arg>${sub_menu}</arg>
<arg>${SPACE}</arg>
<arg>-</arg>
<doc>Replaces ``search_for`` in the given ``string`` with ``replace_with``.</doc>
<msg timestamp="20231210 22:31:31.401" level="INFO">${sub_menu} = Top-Expenses</msg>
<status status="PASS" starttime="20231210 22:31:31.401" endtime="20231210 22:31:31.401"/>
</kw>
<kw name="Set Variable" library="BuiltIn">
<var>${chart_name}</var>
<arg>${sub_menu}-charts</arg>
<doc>Returns the given values which can then be assigned to a variables.</doc>
<msg timestamp="20231210 22:31:31.401" level="INFO">${chart_name} = Top-Expenses-charts</msg>
<status status="PASS" starttime="20231210 22:31:31.401" endtime="20231210 22:31:31.401"/>
</kw>
<kw name="Run Keyword And Continue On Failure" library="BuiltIn">
<arg>Check dashboard loaded</arg>
<arg>@{${chart_name}}</arg>
<doc>Runs the keyword and continues execution even if a failure occurs.</doc>
<kw name="Check dashboard loaded">
<arg>@{${chart_name}}</arg>
<for flavor="IN">
<var>${chart}</var>
<value>@{charts}</value>
<iter>
<var name="${chart}">Top 20 Expenses By Creditor</var>
<kw name="Wait For Elements State" library="RPA.Browser.Playwright">
<arg>text="${chart}"</arg>
<arg>visible</arg>
<arg>timeout=1 min</arg>
<tag>PageContent</tag>
<tag>Wait</tag>
<doc>Waits for the element found by ``selector`` to satisfy state option.</doc>
<msg timestamp="20231210 22:31:39.678" level="INFO">Waited for Element with selector text="Top 20 Expenses By Creditor" at state visible</msg>
<status status="PASS" starttime="20231210 22:31:31.402" endtime="20231210 22:31:39.678"/>
</kw>
<status status="PASS" starttime="20231210 22:31:31.402" endtime="20231210 22:31:39.678"/>
</iter>
<iter>
<var name="${chart}">Top 20 Expenses By Charge Code</var>
<kw name="Wait For Elements State" library="RPA.Browser.Playwright">
<arg>text="${chart}"</arg>
<arg>visible</arg>
<arg>timeout=1 min</arg>
<tag>PageContent</tag>
<tag>Wait</tag>
<doc>Waits for the element found by ``selector`` to satisfy state option.</doc>
<msg timestamp="20231210 22:31:39.693" level="INFO">Waited for Element with selector text="Top 20 Expenses By Charge Code" at state visible</msg>
<status status="PASS" starttime="20231210 22:31:39.678" endtime="20231210 22:31:39.694"/>
</kw>
<status status="PASS" starttime="20231210 22:31:39.678" endtime="20231210 22:31:39.694"/>
</iter>
<iter>
<var name="${chart}">Expenses By Date Shipment</var>
<kw name="Wait For Elements State" library="RPA.Browser.Playwright">
<arg>text="${chart}"</arg>
<arg>visible</arg>
<arg>timeout=1 min</arg>
<tag>PageContent</tag>
<tag>Wait</tag>
<doc>Waits for the element found by ``selector`` to satisfy state option.</doc>
<msg timestamp="20231210 22:31:39.703" level="INFO">Waited for Element with selector text="Expenses By Date Shipment" at state visible</msg>
<status status="PASS" starttime="20231210 22:31:39.694" endtime="20231210 22:31:39.703"/>
</kw>
<status status="PASS" starttime="20231210 22:31:39.694" endtime="20231210 22:31:39.703"/>
</iter>
<iter>
<var name="${chart}">Expenses for Most Recent 12 months vs Previous 12 months</var>
<kw name="Wait For Elements State" library="RPA.Browser.Playwright">
<arg>text="${chart}"</arg>
<arg>visible</arg>
<arg>timeout=1 min</arg>
<tag>PageContent</tag>
<tag>Wait</tag>
<doc>Waits for the element found by ``selector`` to satisfy state option.</doc>
<msg timestamp="20231210 22:31:39.714" level="INFO">Waited for Element with selector text="Expenses for Most Recent 12 months vs Previous 12 months" at state visible</msg>
<status status="PASS" starttime="20231210 22:31:39.703" endtime="20231210 22:31:39.715"/>
</kw>
<status status="PASS" starttime="20231210 22:31:39.703" endtime="20231210 22:31:39.715"/>
</iter>
<status status="PASS" starttime="20231210 22:31:31.402" endtime="20231210 22:31:39.715"/>
</for>
<status status="PASS" starttime="20231210 22:31:31.402" endtime="20231210 22:31:39.715"/>
</kw>
<status status="PASS" starttime="20231210 22:31:31.401" endtime="20231210 22:31:39.715"/>
</kw>
<status status="PASS" starttime="20231210 22:31:31.146" endtime="20231210 22:31:39.715"/>
</kw>
<status status="PASS" starttime="20231210 22:31:31.145" endtime="20231210 22:31:39.715"/>
</kw>
<status status="PASS" starttime="20231210 22:31:31.145" endtime="20231210 22:31:39.715"/>
</iter>
<iter>
<var name="${sub_menu}">Shipment Reports</var>
<kw name="Run Keyword And Continue On Failure" library="BuiltIn">
<arg>Check charts</arg>
<arg>${sub_menu}</arg>
<doc>Runs the keyword and continues execution even if a failure occurs.</doc>
<kw name="Check charts">
<arg>${sub_menu}</arg>
<kw name="Click on sub-menu">
<arg>${sub_menu}</arg>
<try>
<branch type="TRY">
<kw name="Click" library="RPA.Browser.Playwright">
<arg>text="${sub_menu}"</arg>
<tag>PageContent</tag>
<tag>Setter</tag>
<doc>Simulates mouse click on the element found by ``selector``.</doc>
<status status="PASS" starttime="20231210 22:31:39.716" endtime="20231210 22:31:39.976"/>
</kw>
<status status="PASS" starttime="20231210 22:31:39.716" endtime="20231210 22:31:39.976"/>
</branch>
<branch type="EXCEPT">
<kw name="Convert To Upper Case" library="String">
<var>${sub_menu}</var>
<arg>${sub_menu}</arg>
<doc>Converts string to upper case.</doc>
<status status="NOT RUN" starttime="20231210 22:31:39.976" endtime="20231210 22:31:39.976"/>
</kw>
<kw name="Replace String" library="String">
<var>${sub_menu}</var>
<arg>${sub_menu}</arg>
<arg>${SPACE}</arg>
<arg>_</arg>
<doc>Replaces ``search_for`` in the given ``string`` with ``replace_with``.</doc>
<status status="NOT RUN" starttime="20231210 22:31:39.976" endtime="20231210 22:31:39.976"/>
</kw>
<kw name="Click" library="RPA.Browser.Playwright">
<arg>xpath=//li[@data-testid="sidebar-tab-${sub_menu}"]</arg>
<tag>PageContent</tag>
<tag>Setter</tag>
<doc>Simulates mouse click on the element found by ``selector``.</doc>
<status status="NOT RUN" starttime="20231210 22:31:39.976" endtime="20231210 22:31:39.976"/>
</kw>
<status status="NOT RUN" starttime="20231210 22:31:39.976" endtime="20231210 22:31:39.976"/>
</branch>
<status status="PASS" starttime="20231210 22:31:39.716" endtime="20231210 22:31:39.976"/>
</try>
<status status="PASS" starttime="20231210 22:31:39.716" endtime="20231210 22:31:39.976"/>
</kw>
<kw name="Replace String" library="String">
<var>${sub_menu}</var>
<arg>${sub_menu}</arg>
<arg>${SPACE}</arg>
<arg>-</arg>
<doc>Replaces ``search_for`` in the given ``string`` with ``replace_with``.</doc>
<msg timestamp="20231210 22:31:39.977" level="INFO">${sub_menu} = Shipment-Reports</msg>
<status status="PASS" starttime="20231210 22:31:39.977" endtime="20231210 22:31:39.977"/>
</kw>
<kw name="Set Variable" library="BuiltIn">
<var>${chart_name}</var>
<arg>${sub_menu}-charts</arg>
<doc>Returns the given values which can then be assigned to a variables.</doc>
<msg timestamp="20231210 22:31:39.977" level="INFO">${chart_name} = Shipment-Reports-charts</msg>
<status status="PASS" starttime="20231210 22:31:39.977" endtime="20231210 22:31:39.977"/>
</kw>
<kw name="Run Keyword And Continue On Failure" library="BuiltIn">
<arg>Check dashboard loaded</arg>
<arg>@{${chart_name}}</arg>
<doc>Runs the keyword and continues execution even if a failure occurs.</doc>
<kw name="Check dashboard loaded">
<arg>@{${chart_name}}</arg>
<for flavor="IN">
<var>${chart}</var>
<value>@{charts}</value>
<iter>
<var name="${chart}"># Shipments by Branch and Month</var>
<kw name="Wait For Elements State" library="RPA.Browser.Playwright">
<arg>text="${chart}"</arg>
<arg>visible</arg>
<arg>timeout=1 min</arg>
<tag>PageContent</tag>
<tag>Wait</tag>
<doc>Waits for the element found by ``selector`` to satisfy state option.</doc>
<msg timestamp="20231210 22:32:33.479" level="INFO">Waited for Element with selector text="# Shipments by Branch and Month" at state visible</msg>
<status status="PASS" starttime="20231210 22:31:39.978" endtime="20231210 22:32:33.479"/>
</kw>
<status status="PASS" starttime="20231210 22:31:39.978" endtime="20231210 22:32:33.479"/>
</iter>
<iter>
<var name="${chart}"># Shipments by Branch, Operator, and Month</var>
<kw name="Wait For Elements State" library="RPA.Browser.Playwright">
<arg>text="${chart}"</arg>
<arg>visible</arg>
<arg>timeout=1 min</arg>
<tag>PageContent</tag>
<tag>Wait</tag>
<doc>Waits for the element found by ``selector`` to satisfy state option.</doc>
<msg timestamp="20231210 22:32:33.659" level="INFO">Waited for Element with selector text="# Shipments by Branch, Operator, and Month" at state visible</msg>
<status status="PASS" starttime="20231210 22:32:33.480" endtime="20231210 22:32:33.660"/>
</kw>
<status status="PASS" starttime="20231210 22:32:33.480" endtime="20231210 22:32:33.660"/>
</iter>
<iter>
<var name="${chart}"># Shipments by Branch, Local Client, and Month</var>
<kw name="Wait For Elements State" library="RPA.Browser.Playwright">
<arg>text="${chart}"</arg>
<arg>visible</arg>
<arg>timeout=1 min</arg>
<tag>PageContent</tag>
<tag>Wait</tag>
<doc>Waits for the element found by ``selector`` to satisfy state option.</doc>
<msg timestamp="20231210 22:32:33.827" level="INFO">Waited for Element with selector text="# Shipments by Branch, Local Client, and Month" at state visible</msg>
<status status="PASS" starttime="20231210 22:32:33.660" endtime="20231210 22:32:33.829"/>
</kw>
<status status="PASS" starttime="20231210 22:32:33.660" endtime="20231210 22:32:33.829"/>
</iter>
<iter>
<var name="${chart}"># Shipments by Controlling Customer, Local Client, and Month</var>
<kw name="Wait For Elements State" library="RPA.Browser.Playwright">
<arg>text="${chart}"</arg>
<arg>visible</arg>
<arg>timeout=1 min</arg>
<tag>PageContent</tag>
<tag>Wait</tag>
<doc>Waits for the element found by ``selector`` to satisfy state option.</doc>
<msg timestamp="20231210 22:32:33.989" level="INFO">Waited for Element with selector text="# Shipments by Controlling Customer, Local Client, and Month" at state visible</msg>
<status status="PASS" starttime="20231210 22:32:33.829" endtime="20231210 22:32:33.990"/>
</kw>
<status status="PASS" starttime="20231210 22:32:33.829" endtime="20231210 22:32:33.990"/>
</iter>
<iter>
<var name="${chart}"># Shipments by Controlling Customer, Branch, and Month</var>
<kw name="Wait For Elements State" library="RPA.Browser.Playwright">
<arg>text="${chart}"</arg>
<arg>visible</arg>
<arg>timeout=1 min</arg>
<tag>PageContent</tag>
<tag>Wait</tag>
<doc>Waits for the element found by ``selector`` to satisfy state option.</doc>
<msg timestamp="20231210 22:32:34.149" level="INFO">Waited for Element with selector text="# Shipments by Controlling Customer, Branch, and Month" at state visible</msg>
<status status="PASS" starttime="20231210 22:32:33.990" endtime="20231210 22:32:34.150"/>
</kw>
<status status="PASS" starttime="20231210 22:32:33.990" endtime="20231210 22:32:34.150"/>
</iter>
<iter>
<var name="${chart}"># Shipments and Job Profit by Operator and Month</var>
<kw name="Wait For Elements State" library="RPA.Browser.Playwright">
<arg>text="${chart}"</arg>
<arg>visible</arg>
<arg>timeout=1 min</arg>
<tag>PageContent</tag>
<tag>Wait</tag>
<doc>Waits for the element found by ``selector`` to satisfy state option.</doc>
<msg timestamp="20231210 22:32:34.313" level="INFO">Waited for Element with selector text="# Shipments and Job Profit by Operator and Month" at state visible</msg>
<status status="PASS" starttime="20231210 22:32:34.150" endtime="20231210 22:32:34.313"/>
</kw>
<status status="PASS" starttime="20231210 22:32:34.150" endtime="20231210 22:32:34.313"/>
</iter>
<status status="PASS" starttime="20231210 22:31:39.977" endtime="20231210 22:32:34.313"/>
</for>
<status status="PASS" starttime="20231210 22:31:39.977" endtime="20231210 22:32:34.313"/>
</kw>
<status status="PASS" starttime="20231210 22:31:39.977" endtime="20231210 22:32:34.313"/>
</kw>
<status status="PASS" starttime="20231210 22:31:39.715" endtime="20231210 22:32:34.314"/>
</kw>
<status status="PASS" starttime="20231210 22:31:39.715" endtime="20231210 22:32:34.314"/>
</kw>
<status status="PASS" starttime="20231210 22:31:39.715" endtime="20231210 22:32:34.314"/>
</iter>
<iter>
<var name="${sub_menu}">Agent Report</var>
<kw name="Run Keyword And Continue On Failure" library="BuiltIn">
<arg>Check charts</arg>
<arg>${sub_menu}</arg>
<doc>Runs the keyword and continues execution even if a failure occurs.</doc>
<kw name="Check charts">
<arg>${sub_menu}</arg>
<kw name="Click on sub-menu">
<arg>${sub_menu}</arg>
<try>
<branch type="TRY">
<kw name="Click" library="RPA.Browser.Playwright">
<arg>text="${sub_menu}"</arg>
<tag>PageContent</tag>
<tag>Setter</tag>
<doc>Simulates mouse click on the element found by ``selector``.</doc>
<status status="PASS" starttime="20231210 22:32:34.314" endtime="20231210 22:32:34.952"/>
</kw>
<status status="PASS" starttime="20231210 22:32:34.314" endtime="20231210 22:32:34.952"/>
</branch>
<branch type="EXCEPT">
<kw name="Convert To Upper Case" library="String">
<var>${sub_menu}</var>
<arg>${sub_menu}</arg>
<doc>Converts string to upper case.</doc>
<status status="NOT RUN" starttime="20231210 22:32:34.952" endtime="20231210 22:32:34.952"/>
</kw>
<kw name="Replace String" library="String">
<var>${sub_menu}</var>
<arg>${sub_menu}</arg>
<arg>${SPACE}</arg>
<arg>_</arg>
<doc>Replaces ``search_for`` in the given ``string`` with ``replace_with``.</doc>
<status status="NOT RUN" starttime="20231210 22:32:34.952" endtime="20231210 22:32:34.952"/>
</kw>
<kw name="Click" library="RPA.Browser.Playwright">
<arg>xpath=//li[@data-testid="sidebar-tab-${sub_menu}"]</arg>
<tag>PageContent</tag>
<tag>Setter</tag>
<doc>Simulates mouse click on the element found by ``selector``.</doc>
<status status="NOT RUN" starttime="20231210 22:32:34.952" endtime="20231210 22:32:34.953"/>
</kw>
<status status="NOT RUN" starttime="20231210 22:32:34.952" endtime="20231210 22:32:34.953"/>
</branch>
<status status="PASS" starttime="20231210 22:32:34.314" endtime="20231210 22:32:34.953"/>
</try>
<status status="PASS" starttime="20231210 22:32:34.314" endtime="20231210 22:32:34.953"/>
</kw>
<kw name="Replace String" library="String">
<var>${sub_menu}</var>
<arg>${sub_menu}</arg>
<arg>${SPACE}</arg>
<arg>-</arg>
<doc>Replaces ``search_for`` in the given ``string`` with ``replace_with``.</doc>
<msg timestamp="20231210 22:32:34.953" level="INFO">${sub_menu} = Agent-Report</msg>
<status status="PASS" starttime="20231210 22:32:34.953" endtime="20231210 22:32:34.953"/>
</kw>
<kw name="Set Variable" library="BuiltIn">
<var>${chart_name}</var>
<arg>${sub_menu}-charts</arg>
<doc>Returns the given values which can then be assigned to a variables.</doc>
<msg timestamp="20231210 22:32:34.954" level="INFO">${chart_name} = Agent-Report-charts</msg>
<status status="PASS" starttime="20231210 22:32:34.953" endtime="20231210 22:32:34.954"/>
</kw>
<kw name="Run Keyword And Continue On Failure" library="BuiltIn">
<arg>Check dashboard loaded</arg>
<arg>@{${chart_name}}</arg>
<doc>Runs the keyword and continues execution even if a failure occurs.</doc>
<kw name="Check dashboard loaded">
<arg>@{${chart_name}}</arg>
<for flavor="IN">
<var>${chart}</var>
<value>@{charts}</value>
<iter>
<var name="${chart}">Top 20 Sending Agents by Net Profit</var>
<kw name="Wait For Elements State" library="RPA.Browser.Playwright">
<arg>text="${chart}"</arg>
<arg>visible</arg>
<arg>timeout=1 min</arg>
<tag>PageContent</tag>
<tag>Wait</tag>
<doc>Waits for the element found by ``selector`` to satisfy state option.</doc>
<msg timestamp="20231210 22:33:19.071" level="INFO">Waited for Element with selector text="Top 20 Sending Agents by Net Profit" at state visible</msg>
<status status="PASS" starttime="20231210 22:32:34.954" endtime="20231210 22:33:19.071"/>
</kw>
<status status="PASS" starttime="20231210 22:32:34.954" endtime="20231210 22:33:19.071"/>
</iter>
<iter>
<var name="${chart}">Top 20 Receiving Agents by Net Profit</var>
<kw name="Wait For Elements State" library="RPA.Browser.Playwright">
<arg>text="${chart}"</arg>
<arg>visible</arg>
<arg>timeout=1 min</arg>
<tag>PageContent</tag>
<tag>Wait</tag>
<doc>Waits for the element found by ``selector`` to satisfy state option.</doc>
<msg timestamp="20231210 22:33:33.641" level="INFO">Waited for Element with selector text="Top 20 Receiving Agents by Net Profit" at state visible</msg>
<status status="PASS" starttime="20231210 22:33:19.071" endtime="20231210 22:33:33.641"/>
</kw>
<status status="PASS" starttime="20231210 22:33:19.071" endtime="20231210 22:33:33.641"/>
</iter>
<iter>
<var name="${chart}">Top 20 Sending Agents by Revenue</var>
<kw name="Wait For Elements State" library="RPA.Browser.Playwright">
<arg>text="${chart}"</arg>
<arg>visible</arg>
<arg>timeout=1 min</arg>
<tag>PageContent</tag>
<tag>Wait</tag>
<doc>Waits for the element found by ``selector`` to satisfy state option.</doc>
<msg timestamp="20231210 22:33:44.043" level="INFO">Waited for Element with selector text="Top 20 Sending Agents by Revenue" at state visible</msg>
<status status="PASS" starttime="20231210 22:33:33.642" endtime="20231210 22:33:44.043"/>
</kw>
<status status="PASS" starttime="20231210 22:33:33.641" endtime="20231210 22:33:44.043"/>
</iter>
<iter>
<var name="${chart}">Top 20 Receiving Agents by Revenue</var>
<kw name="Wait For Elements State" library="RPA.Browser.Playwright">
<arg>text="${chart}"</arg>
<arg>visible</arg>
<arg>timeout=1 min</arg>
<tag>PageContent</tag>
<tag>Wait</tag>
<doc>Waits for the element found by ``selector`` to satisfy state option.</doc>
<msg timestamp="20231210 22:33:59.164" level="INFO">Waited for Element with selector text="Top 20 Receiving Agents by Revenue" at state visible</msg>
<status status="PASS" starttime="20231210 22:33:44.045" endtime="20231210 22:33:59.165"/>
</kw>
<status status="PASS" starttime="20231210 22:33:44.045" endtime="20231210 22:33:59.165"/>
</iter>
<iter>
<var name="${chart}">Top 20 Sending Agents by Expenses</var>
<kw name="Wait For Elements State" library="RPA.Browser.Playwright">
<arg>text="${chart}"</arg>
<arg>visible</arg>
<arg>timeout=1 min</arg>
<tag>PageContent</tag>
<tag>Wait</tag>
<doc>Waits for the element found by ``selector`` to satisfy state option.</doc>
<msg timestamp="20231210 22:33:59.197" level="INFO">Waited for Element with selector text="Top 20 Sending Agents by Expenses" at state visible</msg>
<status status="PASS" starttime="20231210 22:33:59.165" endtime="20231210 22:33:59.197"/>
</kw>
<status status="PASS" starttime="20231210 22:33:59.165" endtime="20231210 22:33:59.197"/>
</iter>
<iter>
<var name="${chart}">Top 20 Receiving Agents by Expenses</var>
<kw name="Wait For Elements State" library="RPA.Browser.Playwright">
<arg>text="${chart}"</arg>
<arg>visible</arg>
<arg>timeout=1 min</arg>
<tag>PageContent</tag>
<tag>Wait</tag>
<doc>Waits for the element found by ``selector`` to satisfy state option.</doc>
<msg timestamp="20231210 22:34:12.271" level="INFO">Waited for Element with selector text="Top 20 Receiving Agents by Expenses" at state visible</msg>
<status status="PASS" starttime="20231210 22:33:59.197" endtime="20231210 22:34:12.271"/>
</kw>
<status status="PASS" starttime="20231210 22:33:59.197" endtime="20231210 22:34:12.271"/>
</iter>
<iter>
<var name="${chart}">Top 20 Sending Agents by Total Volume</var>
<kw name="Wait For Elements State" library="RPA.Browser.Playwright">
<arg>text="${chart}"</arg>
<arg>visible</arg>
<arg>timeout=1 min</arg>
<tag>PageContent</tag>
<tag>Wait</tag>
<doc>Waits for the element found by ``selector`` to satisfy state option.</doc>
<msg timestamp="20231210 22:34:28.935" level="INFO">Waited for Element with selector text="Top 20 Sending Agents by Total Volume" at state visible</msg>
<status status="PASS" starttime="20231210 22:34:12.271" endtime="20231210 22:34:28.935"/>
</kw>
<status status="PASS" starttime="20231210 22:34:12.271" endtime="20231210 22:34:28.935"/>
</iter>
<iter>
<var name="${chart}">Top 20 Receiving Agents by Total Volume</var>
<kw name="Wait For Elements State" library="RPA.Browser.Playwright">
<arg>text="${chart}"</arg>
<arg>visible</arg>
<arg>timeout=1 min</arg>
<tag>PageContent</tag>
<tag>Wait</tag>
<doc>Waits for the element found by ``selector`` to satisfy state option.</doc>
<msg timestamp="20231210 22:34:28.980" level="INFO">Waited for Element with selector text="Top 20 Receiving Agents by Total Volume" at state visible</msg>
<status status="PASS" starttime="20231210 22:34:28.936" endtime="20231210 22:34:28.980"/>
</kw>
<status status="PASS" starttime="20231210 22:34:28.935" endtime="20231210 22:34:28.980"/>
</iter>
<iter>
<var name="${chart}">Top 20 Sending Agents by Total Weight</var>
<kw name="Wait For Elements State" library="RPA.Browser.Playwright">
<arg>text="${chart}"</arg>
<arg>visible</arg>
<arg>timeout=1 min</arg>
<tag>PageContent</tag>
<tag>Wait</tag>
<doc>Waits for the element found by ``selector`` to satisfy state option.</doc>
<msg timestamp="20231210 22:34:29.008" level="INFO">Waited for Element with selector text="Top 20 Sending Agents by Total Weight" at state visible</msg>
<status status="PASS" starttime="20231210 22:34:28.980" endtime="20231210 22:34:29.008"/>
</kw>
<status status="PASS" starttime="20231210 22:34:28.980" endtime="20231210 22:34:29.008"/>
</iter>
<iter>
<var name="${chart}">Top 20 Receiving Agents by Total Weight</var>
<kw name="Wait For Elements State" library="RPA.Browser.Playwright">
<arg>text="${chart}"</arg>
<arg>visible</arg>
<arg>timeout=1 min</arg>
<tag>PageContent</tag>
<tag>Wait</tag>
<doc>Waits for the element found by ``selector`` to satisfy state option.</doc>
<msg timestamp="20231210 22:34:29.039" level="INFO">Waited for Element with selector text="Top 20 Receiving Agents by Total Weight" at state visible</msg>
<status status="PASS" starttime="20231210 22:34:29.009" endtime="20231210 22:34:29.040"/>
</kw>
<status status="PASS" starttime="20231210 22:34:29.009" endtime="20231210 22:34:29.040"/>
</iter>
<iter>
<var name="${chart}">Top 20 Sending Agents by Number of Shipments</var>
<kw name="Wait For Elements State" library="RPA.Browser.Playwright">
<arg>text="${chart}"</arg>
<arg>visible</arg>
<arg>timeout=1 min</arg>
<tag>PageContent</tag>
<tag>Wait</tag>
<doc>Waits for the element found by ``selector`` to satisfy state option.</doc>
<msg timestamp="20231210 22:34:29.064" level="INFO">Waited for Element with selector text="Top 20 Sending Agents by Number of Shipments" at state visible</msg>
<status status="PASS" starttime="20231210 22:34:29.040" endtime="20231210 22:34:29.064"/>
</kw>
<status status="PASS" starttime="20231210 22:34:29.040" endtime="20231210 22:34:29.064"/>
</iter>
<iter>
<var name="${chart}">Top 20 Receiving Agents by Number of Shipments</var>
<kw name="Wait For Elements State" library="RPA.Browser.Playwright">
<arg>text="${chart}"</arg>
<arg>visible</arg>
<arg>timeout=1 min</arg>
<tag>PageContent</tag>
<tag>Wait</tag>
<doc>Waits for the element found by ``selector`` to satisfy state option.</doc>
<msg timestamp="20231210 22:34:29.093" level="INFO">Waited for Element with selector text="Top 20 Receiving Agents by Number of Shipments" at state visible</msg>
<status status="PASS" starttime="20231210 22:34:29.065" endtime="20231210 22:34:29.093"/>
</kw>
<status status="PASS" starttime="20231210 22:34:29.064" endtime="20231210 22:34:29.093"/>
</iter>
<iter>
<var name="${chart}">Top 20 Sending Agents by TEUs</var>
<kw name="Wait For Elements State" library="RPA.Browser.Playwright">
<arg>text="${chart}"</arg>
<arg>visible</arg>
<arg>timeout=1 min</arg>
<tag>PageContent</tag>
<tag>Wait</tag>
<doc>Waits for the element found by ``selector`` to satisfy state option.</doc>
<msg timestamp="20231210 22:34:29.125" level="INFO">Waited for Element with selector text="Top 20 Sending Agents by TEUs" at state visible</msg>
<status status="PASS" starttime="20231210 22:34:29.093" endtime="20231210 22:34:29.125"/>
</kw>
<status status="PASS" starttime="20231210 22:34:29.093" endtime="20231210 22:34:29.125"/>
</iter>
<iter>
<var name="${chart}">Top 20 Receiving Agents by TEUs</var>
<kw name="Wait For Elements State" library="RPA.Browser.Playwright">
<arg>text="${chart}"</arg>
<arg>visible</arg>
<arg>timeout=1 min</arg>
<tag>PageContent</tag>
<tag>Wait</tag>
<doc>Waits for the element found by ``selector`` to satisfy state option.</doc>
<msg timestamp="20231210 22:34:29.156" level="INFO">Waited for Element with selector text="Top 20 Receiving Agents by TEUs" at state visible</msg>
<status status="PASS" starttime="20231210 22:34:29.125" endtime="20231210 22:34:29.157"/>
</kw>
<status status="PASS" starttime="20231210 22:34:29.125" endtime="20231210 22:34:29.157"/>
</iter>
<iter>
<var name="${chart}">Net Profit by Sending Agent</var>
<kw name="Wait For Elements State" library="RPA.Browser.Playwright">
<arg>text="${chart}"</arg>
<arg>visible</arg>
<arg>timeout=1 min</arg>
<tag>PageContent</tag>
<tag>Wait</tag>
<doc>Waits for the element found by ``selector`` to satisfy state option.</doc>
<msg timestamp="20231210 22:34:48.271" level="INFO">Waited for Element with selector text="Net Profit by Sending Agent" at state visible</msg>
<status status="PASS" starttime="20231210 22:34:29.157" endtime="20231210 22:34:48.271"/>
</kw>
<status status="PASS" starttime="20231210 22:34:29.157" endtime="20231210 22:34:48.271"/>
</iter>
<iter>
<var name="${chart}">Net Profit by Receiving Agent</var>
<kw name="Wait For Elements State" library="RPA.Browser.Playwright">
<arg>text="${chart}"</arg>
<arg>visible</arg>
<arg>timeout=1 min</arg>
<tag>PageContent</tag>
<tag>Wait</tag>
<doc>Waits for the element found by ``selector`` to satisfy state option.</doc>
<msg timestamp="20231210 22:34:48.320" level="INFO">Waited for Element with selector text="Net Profit by Receiving Agent" at state visible</msg>
<status status="PASS" starttime="20231210 22:34:48.271" endtime="20231210 22:34:48.320"/>
</kw>
[...]
<arg>1m 30 seconds</arg>
<tag>Config</tag>
<tag>Setter</tag>
<doc>Sets the timeout used by most input and getter keywords.</doc>
<msg timestamp="20231210 23:01:58.731" level="INFO">Set timeout to: 90000</msg>
<msg timestamp="20231210 23:01:58.731" level="INFO">${old_timeout} = 1 minute 30 seconds</msg>
<status status="PASS" starttime="20231210 23:01:58.728" endtime="20231210 23:01:58.731"/>
</kw>
<kw name="New Page" library="RPA.Browser.Playwright">
<arg>https://${env}-dashboard.expedock.com/</arg>
<tag>BrowserControl</tag>
<tag>Setter</tag>
<doc>Open a new Page.</doc>
<msg timestamp="20231210 23:02:04.081" level="INFO">Successfully initialized new page object and opened url: https://passive-dashboard.expedock.com/</msg>
<status status="PASS" starttime="20231210 23:01:58.731" endtime="20231210 23:02:04.081"/>
</kw>
<kw name="Set Browser Timeout" library="RPA.Browser.Playwright">
<arg>${old_timeout}</arg>
<tag>Config</tag>
<tag>Setter</tag>
<doc>Sets the timeout used by most input and getter keywords.</doc>
<msg timestamp="20231210 23:02:04.083" level="INFO">Set timeout to: 90000</msg>
<status status="PASS" starttime="20231210 23:02:04.081" endtime="20231210 23:02:04.083"/>
</kw>
<kw name="Wait Until Keyword Succeeds" library="BuiltIn">
<arg>30s</arg>
<arg>.5s</arg>
<arg>Wait For Elements State</arg>
<arg>text="Welcome"</arg>
<arg>visible</arg>
<arg>timeout=1 min</arg>
<doc>Runs the specified keyword and retries if it fails.</doc>
<kw name="Wait For Elements State" library="RPA.Browser.Playwright">
<arg>text="Welcome"</arg>
<arg>visible</arg>
<arg>timeout=1 min</arg>
<tag>PageContent</tag>
<tag>Wait</tag>
<doc>Waits for the element found by ``selector`` to satisfy state option.</doc>
<msg timestamp="20231210 23:02:04.103" level="INFO">Waited for Element with selector text="Welcome" at state visible</msg>
<status status="PASS" starttime="20231210 23:02:04.084" endtime="20231210 23:02:04.103"/>
</kw>
<status status="PASS" starttime="20231210 23:02:04.083" endtime="20231210 23:02:04.103"/>
</kw>
<kw name="Click" library="RPA.Browser.Playwright">
<arg>input#username</arg>
<tag>PageContent</tag>
<tag>Setter</tag>
<doc>Simulates mouse click on the element found by ``selector``.</doc>
<status status="PASS" starttime="20231210 23:02:04.103" endtime="20231210 23:02:04.224"/>
</kw>
<kw name="Fill Text" library="RPA.Browser.Playwright">
<arg>input#username</arg>
<arg>${username}</arg>
<tag>PageContent</tag>
<tag>Setter</tag>
<doc>Clears and fills the given ``txt`` into the text field found by ``selector``.</doc>
<msg timestamp="20231210 23:02:04.225" level="INFO">Fills the text 'qa-clearfreight@expedock.com' in the given field.</msg>
<status status="PASS" starttime="20231210 23:02:04.224" endtime="20231210 23:02:04.235"/>
</kw>
<kw name="Click" library="RPA.Browser.Playwright">
<arg>input#password</arg>
<tag>PageContent</tag>
<tag>Setter</tag>
<doc>Simulates mouse click on the element found by ``selector``.</doc>
<status status="PASS" starttime="20231210 23:02:04.235" endtime="20231210 23:02:04.274"/>
</kw>
<kw name="Fill Text" library="RPA.Browser.Playwright">
<arg>input#password</arg>
<arg>${password}</arg>
<tag>PageContent</tag>
<tag>Setter</tag>
<doc>Clears and fills the given ``txt`` into the text field found by ``selector``.</doc>
<msg timestamp="20231210 23:02:04.274" level="INFO">Fills the text 'k9BzTuJ4sLkfwrLz' in the given field.</msg>
<status status="PASS" starttime="20231210 23:02:04.274" endtime="20231210 23:02:04.282"/>
</kw>
<kw name="Press Keys" library="RPA.Browser.Playwright">
<arg>input#password</arg>
<arg>Enter</arg>
<tag>PageContent</tag>
<tag>Setter</tag>
<doc>Types the given key combination into element found by ``selector``.</doc>
<status status="PASS" starttime="20231210 23:02:04.283" endtime="20231210 23:02:06.449"/>
</kw>
<kw name="Sleep" library="BuiltIn">
<arg>10s</arg>
<doc>Pauses the test executed for the given time.</doc>
<msg timestamp="20231210 23:02:16.462" level="INFO">Slept 10 seconds</msg>
<status status="PASS" starttime="20231210 23:02:06.449" endtime="20231210 23:02:16.462"/>
</kw>
<status status="PASS" starttime="20231210 23:01:58.202" endtime="20231210 23:02:16.462"/>
</kw>
<kw name="Click" library="RPA.Browser.Playwright">
<arg>text="Business Performance"</arg>
<tag>PageContent</tag>
<tag>Setter</tag>
<doc>Simulates mouse click on the element found by ``selector``.</doc>
<status status="PASS" starttime="20231210 23:02:16.463" endtime="20231210 23:02:16.581"/>
</kw>
<kw name="Click" library="RPA.Browser.Playwright">
<arg>text="Staffing Reports"</arg>
<tag>PageContent</tag>
<tag>Setter</tag>
<doc>Simulates mouse click on the element found by ``selector``.</doc>
<status status="PASS" starttime="20231210 23:02:16.581" endtime="20231210 23:02:16.793"/>
</kw>
<for flavor="IN">
<var>${staffing_report}</var>
<value>@{staffing_reports}</value>
<iter>
<var name="${staffing_report}">Top 20 Operations Staff By Net Profit</var>
<kw name="Get data count of top X chart">
<arg>${staffing_report}</arg>
<kw name="Wait For Elements State" library="RPA.Browser.Playwright">
<arg>//*[@data-testid="data-component-${topchart}"]</arg>
<arg>Visible</arg>
<arg>timeout=1min</arg>
<tag>PageContent</tag>
<tag>Wait</tag>
<doc>Waits for the element found by ``selector`` to satisfy state option.</doc>
<msg timestamp="20231210 23:02:38.651" level="INFO">Waited for Element with selector //*[@data-testid="data-component-Top 20 Operations Staff By Net Profit"] at state visible</msg>
<status status="PASS" starttime="20231210 23:02:16.795" endtime="20231210 23:02:38.651"/>
</kw>
<kw name="Click" library="RPA.Browser.Playwright">
<arg>//*[@data-testid="data-component-${topchart}"] &gt;&gt; //*[@data-testid="table-view-btn"]</arg>
<tag>PageContent</tag>
<tag>Setter</tag>
<doc>Simulates mouse click on the element found by ``selector``.</doc>
<status status="PASS" starttime="20231210 23:02:38.651" endtime="20231210 23:02:38.807"/>
</kw>
<kw name="Wait Until Keyword Succeeds" library="BuiltIn">
<var>${text}</var>
<arg>3 min</arg>
<arg>5 sec</arg>
<arg>RPA.Browser.Playwright.Get Text</arg>
<arg>//*[@data-testid="data-component-${topchart}"] &gt;&gt; //p[@class="MuiTablePagination-displayedRows css-1chpzqh"]</arg>
<doc>Runs the specified keyword and retries if it fails.</doc>
<kw name="Get Text" library="RPA.Browser.Playwright">
<arg>//*[@data-testid="data-component-${topchart}"] &gt;&gt; //p[@class="MuiTablePagination-displayedRows css-1chpzqh"]</arg>
<tag>Assertion</tag>
<tag>Getter</tag>
<tag>PageContent</tag>
<doc>Returns text attribute of the element found by ``selector``.</doc>
<status status="PASS" starttime="20231210 23:02:38.808" endtime="20231210 23:02:58.206"/>
</kw>
<msg timestamp="20231210 23:02:58.207" level="INFO">${text} = 1-10 of 198</msg>
<status status="PASS" starttime="20231210 23:02:38.807" endtime="20231210 23:02:58.207"/>
</kw>
<kw name="Log To Console" library="BuiltIn">
<arg>${text}</arg>
<doc>Logs the given message to the console.</doc>
<status status="PASS" starttime="20231210 23:02:58.207" endtime="20231210 23:02:58.207"/>
</kw>
<kw name="Set Test Message" library="BuiltIn">
<arg>${\n}${topchart} count is ${text}</arg>
<arg>append=yes</arg>
<doc>Sets message for the current test case.</doc>
<msg timestamp="20231210 23:02:58.207" level="INFO">Set test message to:

Top 20 Operations Staff By Net Profit count is 1-10 of 198</msg>
<status status="PASS" starttime="20231210 23:02:58.207" endtime="20231210 23:02:58.207"/>
</kw>
<status status="PASS" starttime="20231210 23:02:16.795" endtime="20231210 23:02:58.207"/>
</kw>
<status status="PASS" starttime="20231210 23:02:16.795" endtime="20231210 23:02:58.207"/>
</iter>
<iter>
<var name="${staffing_report}">Top 20 Operations Staff By Expenses</var>
<kw name="Get data count of top X chart">
<arg>${staffing_report}</arg>
<kw name="Wait For Elements State" library="RPA.Browser.Playwright">
<arg>//*[@data-testid="data-component-${topchart}"]</arg>
<arg>Visible</arg>
<arg>timeout=1min</arg>
<tag>PageContent</tag>
<tag>Wait</tag>
<doc>Waits for the element found by ``selector`` to satisfy state option.</doc>
<msg timestamp="20231210 23:02:58.212" level="INFO">Waited for Element with selector //*[@data-testid="data-component-Top 20 Operations Staff By Expenses"] at state visible</msg>
<status status="PASS" starttime="20231210 23:02:58.208" endtime="20231210 23:02:58.212"/>
</kw>
<kw name="Click" library="RPA.Browser.Playwright">
<arg>//*[@data-testid="data-component-${topchart}"] &gt;&gt; //*[@data-testid="table-view-btn"]</arg>
<tag>PageContent</tag>
<tag>Setter</tag>
<doc>Simulates mouse click on the element found by ``selector``.</doc>
<status status="PASS" starttime="20231210 23:02:58.212" endtime="20231210 23:02:58.293"/>
</kw>
<kw name="Wait Until Keyword Succeeds" library="BuiltIn">
<var>${text}</var>
<arg>3 min</arg>
<arg>5 sec</arg>
<arg>RPA.Browser.Playwright.Get Text</arg>
<arg>//*[@data-testid="data-component-${topchart}"] &gt;&gt; //p[@class="MuiTablePagination-displayedRows css-1chpzqh"]</arg>
<doc>Runs the specified keyword and retries if it fails.</doc>
<kw name="Get Text" library="RPA.Browser.Playwright">
<arg>//*[@data-testid="data-component-${topchart}"] &gt;&gt; //p[@class="MuiTablePagination-displayedRows css-1chpzqh"]</arg>
<tag>Assertion</tag>
<tag>Getter</tag>
<tag>PageContent</tag>
<doc>Returns text attribute of the element found by ``selector``.</doc>
<status status="PASS" starttime="20231210 23:02:58.293" endtime="20231210 23:03:14.140"/>
</kw>
<msg timestamp="20231210 23:03:14.141" level="INFO">${text} = 1-10 of 197</msg>
<status status="PASS" starttime="20231210 23:02:58.293" endtime="20231210 23:03:14.141"/>
</kw>
<kw name="Log To Console" library="BuiltIn">
<arg>${text}</arg>
<doc>Logs the given message to the console.</doc>
<status status="PASS" starttime="20231210 23:03:14.141" endtime="20231210 23:03:14.141"/>
</kw>
<kw name="Set Test Message" library="BuiltIn">
<arg>${\n}${topchart} count is ${text}</arg>
<arg>append=yes</arg>
<doc>Sets message for the current test case.</doc>
<msg timestamp="20231210 23:03:14.141" level="INFO">Set test message to:

Top 20 Operations Staff By Net Profit count is 1-10 of 198 
Top 20 Operations Staff By Expenses count is 1-10 of 197</msg>
<status status="PASS" starttime="20231210 23:03:14.141" endtime="20231210 23:03:14.141"/>
</kw>
<status status="PASS" starttime="20231210 23:02:58.208" endtime="20231210 23:03:14.141"/>
</kw>
<status status="PASS" starttime="20231210 23:02:58.207" endtime="20231210 23:03:14.141"/>
</iter>
<iter>
<var name="${staffing_report}">Top 20 Operations Staff By Revenue</var>
<kw name="Get data count of top X chart">
<arg>${staffing_report}</arg>
<kw name="Wait For Elements State" library="RPA.Browser.Playwright">
<arg>//*[@data-testid="data-component-${topchart}"]</arg>
<arg>Visible</arg>
<arg>timeout=1min</arg>
<tag>PageContent</tag>
<tag>Wait</tag>
<doc>Waits for the element found by ``selector`` to satisfy state option.</doc>
<msg timestamp="20231210 23:03:14.147" level="INFO">Waited for Element with selector //*[@data-testid="data-component-Top 20 Operations Staff By Revenue"] at state visible</msg>
<status status="PASS" starttime="20231210 23:03:14.142" endtime="20231210 23:03:14.147"/>
</kw>
<kw name="Click" library="RPA.Browser.Playwright">
<arg>//*[@data-testid="data-component-${topchart}"] &gt;&gt; //*[@data-testid="table-view-btn"]</arg>
<tag>PageContent</tag>
<tag>Setter</tag>
<doc>Simulates mouse click on the element found by ``selector``.</doc>
<status status="PASS" starttime="20231210 23:03:14.147" endtime="20231210 23:03:14.255"/>
</kw>
<kw name="Wait Until Keyword Succeeds" library="BuiltIn">
<var>${text}</var>
<arg>3 min</arg>
<arg>5 sec</arg>
<arg>RPA.Browser.Playwright.Get Text</arg>
<arg>//*[@data-testid="data-component-${topchart}"] &gt;&gt; //p[@class="MuiTablePagination-displayedRows css-1chpzqh"]</arg>
<doc>Runs the specified keyword and retries if it fails.</doc>
<kw name="Get Text" library="RPA.Browser.Playwright">
<arg>//*[@data-testid="data-component-${topchart}"] &gt;&gt; //p[@class="MuiTablePagination-displayedRows css-1chpzqh"]</arg>
<tag>Assertion</tag>
<tag>Getter</tag>
<tag>PageContent</tag>
<doc>Returns text attribute of the element found by ``selector``.</doc>
<status status="PASS" starttime="20231210 23:03:14.255" endtime="20231210 23:03:14.265"/>
</kw>
<msg timestamp="20231210 23:03:14.265" level="INFO">${text} = 1-10 of 197</msg>
<status status="PASS" starttime="20231210 23:03:14.255" endtime="20231210 23:03:14.265"/>
</kw>
<kw name="Log To Console" library="BuiltIn">
<arg>${text}</arg>
<doc>Logs the given message to the console.</doc>
<status status="PASS" starttime="20231210 23:03:14.265" endtime="20231210 23:03:14.265"/>
</kw>
<kw name="Set Test Message" library="BuiltIn">
<arg>${\n}${topchart} count is ${text}</arg>
<arg>append=yes</arg>
<doc>Sets message for the current test case.</doc>
<msg timestamp="20231210 23:03:14.266" level="INFO">Set test message to:

Top 20 Operations Staff By Net Profit count is 1-10 of 198 
Top 20 Operations Staff By Expenses count is 1-10 of 197 
Top 20 Operations Staff By Revenue count is 1-10 of 197</msg>
<status status="PASS" starttime="20231210 23:03:14.266" endtime="20231210 23:03:14.266"/>
</kw>
<status status="PASS" starttime="20231210 23:03:14.141" endtime="20231210 23:03:14.266"/>
</kw>
<status status="PASS" starttime="20231210 23:03:14.141" endtime="20231210 23:03:14.266"/>
</iter>
<iter>
<var name="${staffing_report}">Top 20 Operations Staff By Shipment Volume</var>
<kw name="Get data count of top X chart">
<arg>${staffing_report}</arg>
<kw name="Wait For Elements State" library="RPA.Browser.Playwright">
<arg>//*[@data-testid="data-component-${topchart}"]</arg>
<arg>Visible</arg>
<arg>timeout=1min</arg>
<tag>PageContent</tag>
<tag>Wait</tag>
<doc>Waits for the element found by ``selector`` to satisfy state option.</doc>
<msg timestamp="20231210 23:03:14.272" level="INFO">Waited for Element with selector //*[@data-testid="data-component-Top 20 Operations Staff By Shipment Volume"] at state visible</msg>
<status status="PASS" starttime="20231210 23:03:14.266" endtime="20231210 23:03:14.273"/>
</kw>
<kw name="Click" library="RPA.Browser.Playwright">
<arg>//*[@data-testid="data-component-${topchart}"] &gt;&gt; //*[@data-testid="table-view-btn"]</arg>
<tag>PageContent</tag>
<tag>Setter</tag>
<doc>Simulates mouse click on the element found by ``selector``.</doc>
<status status="PASS" starttime="20231210 23:03:14.273" endtime="20231210 23:03:14.358"/>
</kw>
<kw name="Wait Until Keyword Succeeds" library="BuiltIn">
<var>${text}</var>
<arg>3 min</arg>
<arg>5 sec</arg>
<arg>RPA.Browser.Playwright.Get Text</arg>
<arg>//*[@data-testid="data-component-${topchart}"] &gt;&gt; //p[@class="MuiTablePagination-displayedRows css-1chpzqh"]</arg>
<doc>Runs the specified keyword and retries if it fails.</doc>
<kw name="Get Text" library="RPA.Browser.Playwright">
<arg>//*[@data-testid="data-component-${topchart}"] &gt;&gt; //p[@class="MuiTablePagination-displayedRows css-1chpzqh"]</arg>
<tag>Assertion</tag>
<tag>Getter</tag>
<tag>PageContent</tag>
<doc>Returns text attribute of the element found by ``selector``.</doc>
<status status="PASS" starttime="20231210 23:03:14.358" endtime="20231210 23:03:14.367"/>
</kw>
<msg timestamp="20231210 23:03:14.367" level="INFO">${text} = 1-10 of 212</msg>
<status status="PASS" starttime="20231210 23:03:14.358" endtime="20231210 23:03:14.367"/>
</kw>
<kw name="Log To Console" library="BuiltIn">
<arg>${text}</arg>
<doc>Logs the given message to the console.</doc>
<status status="PASS" starttime="20231210 23:03:14.368" endtime="20231210 23:03:14.368"/>
</kw>
<kw name="Set Test Message" library="BuiltIn">
<arg>${\n}${topchart} count is ${text}</arg>
<arg>append=yes</arg>
<doc>Sets message for the current test case.</doc>
<msg timestamp="20231210 23:03:14.368" level="INFO">Set test message to:

Top 20 Operations Staff By Net Profit count is 1-10 of 198 
Top 20 Operations Staff By Expenses count is 1-10 of 197 
Top 20 Operations Staff By Revenue count is 1-10 of 197 
Top 20 Operations Staff By Shipment Volume count is 1-10 of 212</msg>
<status status="PASS" starttime="20231210 23:03:14.368" endtime="20231210 23:03:14.368"/>
</kw>
<status status="PASS" starttime="20231210 23:03:14.266" endtime="20231210 23:03:14.368"/>
</kw>
<status status="PASS" starttime="20231210 23:03:14.266" endtime="20231210 23:03:14.368"/>
</iter>
<status status="PASS" starttime="20231210 23:02:16.795" endtime="20231210 23:03:14.368"/>
</for>
<kw name="Teardown" library="utils" type="TEARDOWN">
<kw name="Run Keyword If Test Failed" library="BuiltIn">
<arg>Take Screenshot</arg>
<arg>fullPage=True</arg>
<doc>Runs the given keyword with the given arguments, if the test failed.</doc>
<status status="PASS" starttime="20231210 23:03:14.370" endtime="20231210 23:03:14.370"/>
</kw>
<status status="PASS" starttime="20231210 23:03:14.370" endtime="20231210 23:03:14.370"/>
</kw>
<status status="PASS" starttime="20231210 23:01:58.198" endtime="20231210 23:03:14.370">
Top 20 Operations Staff By Net Profit count is 1-10 of 198 
Top 20 Operations Staff By Expenses count is 1-10 of 197 
Top 20 Operations Staff By Revenue count is 1-10 of 197 
Top 20 Operations Staff By Shipment Volume count is 1-10 of 212</status>
</test>
<status status="FAIL" starttime="20231210 22:52:06.225" endtime="20231210 23:03:14.492"/>
</suite>
<status status="FAIL" starttime="20231210 22:29:55.194" endtime="20231210 23:03:14.496"/>
</suite>
<statistics>
<total>
<stat pass="19" fail="7" skip="0">All Tests</stat>
</total>
<tag>
<stat pass="0" fail="2" skip="0">re-run</stat>
</tag>
<suite>
<stat pass="19" fail="7" skip="0" id="s1" name="Tests">Tests</stat>
<stat pass="5" fail="4" skip="0" id="s1-s1" name="1 Dashboard Access-Check">Tests.1 Dashboard Access-Check</stat>
<stat pass="5" fail="0" skip="0" id="s1-s2" name="2 Dashboard Column-Check">Tests.2 Dashboard Column-Check</stat>
<stat pass="0" fail="0" skip="0" id="s1-s3" name="3 Jms Job-Creation">Tests.3 Jms Job-Creation</stat>
<stat pass="1" fail="2" skip="0" id="s1-s4" name="4 Shipper-Public Access-Check">Tests.4 Shipper-Public Access-Check</stat>
<stat pass="0" fail="0" skip="0" id="s1-s5" name="5 Dashboard Data-Check">Tests.5 Dashboard Data-Check</stat>
<stat pass="8" fail="1" skip="0" id="s1-s6" name="TopX-Chart">Tests.TopX-Chart</stat>
</suite>
</statistics>
<errors>
<msg timestamp="20231210 22:52:06.172" level="WARN">Keyword 'Take Screenshot  fail-screenshot-{index}' could not be run on failure:
Error: Tried to take screenshot, but no page was open.</msg>
<msg timestamp="20231210 22:52:06.201" level="WARN">Keyword 'Take Screenshot  fail-screenshot-{index}' could not be run on failure:
Error: Tried to take screenshot, but no page was open.</msg>
<msg timestamp="20231210 22:55:31.490" level="WARN">Multiple tests with name 'Check data count of Top X charts on tabular view - Debtor Report' executed in suite 'Tests.TopX-Chart'.</msg>
<msg timestamp="20231210 22:56:08.252" level="WARN">Multiple tests with name 'Check data count of Top X charts on tabular view - Agent Report' executed in suite 'Tests.TopX-Chart'.</msg>
<msg timestamp="20231210 22:57:32.996" level="WARN">Multiple tests with name 'Check data count of Top X charts on tabular view - Consignee Report' executed in suite 'Tests.TopX-Chart'.</msg>
<msg timestamp="20231210 23:01:03.220" level="WARN">Multiple tests with name 'Check data count of Top X charts on tabular view - Staffing Report' executed in suite 'Tests.TopX-Chart'.</msg>
</errors>
</robot>
